Start testing: Jan 22 11:51 CST
----------------------------------------------------------
1/31 Testing: c_test
1/31 Test: c_test
Command: "/Users/hcs/Documents/version-control/leveldb/build/c_test"
Directory: /Users/hcs/Documents/version-control/leveldb/build
"c_test" start time: Jan 22 11:51 CST
Output:
----------------------------------------------------------
=== Test create_objects
=== Test destroy
=== Test open_error
=== Test leveldb_free
=== Test open
=== Test put
=== Test compactall
=== Test compactrange
=== Test writebatch
=== Test iter
=== Test approximate_sizes
=== Test property
=== Test snapshot
=== Test repair
=== Test filter
=== Test cleanup
PASS
<end of output>
Test time =   0.90 sec
----------------------------------------------------------
Test Passed.
"c_test" end time: Jan 22 11:51 CST
"c_test" time elapsed: 00:00:00
----------------------------------------------------------

2/31 Testing: fault_injection_test
2/31 Test: fault_injection_test
Command: "/Users/hcs/Documents/version-control/leveldb/build/fault_injection_test"
Directory: /Users/hcs/Documents/version-control/leveldb/build
"fault_injection_test" start time: Jan 22 11:51 CST
Output:
----------------------------------------------------------
[==========] Running 2 tests from 1 test suite.
[----------] Global test environment set-up.
[----------] 2 tests from FaultInjectionTest
[ RUN      ] FaultInjectionTest.FaultTestNoLogReuse
[       OK ] FaultInjectionTest.FaultTestNoLogReuse (1352 ms)
[ RUN      ] FaultInjectionTest.FaultTestWithLogReuse
[       OK ] FaultInjectionTest.FaultTestWithLogReuse (862 ms)
[----------] 2 tests from FaultInjectionTest (2214 ms total)

[----------] Global test environment tear-down
[==========] 2 tests from 1 test suite ran. (2214 ms total)
[  PASSED  ] 2 tests.
<end of output>
Test time =   2.22 sec
----------------------------------------------------------
Test Passed.
"fault_injection_test" end time: Jan 22 11:51 CST
"fault_injection_test" time elapsed: 00:00:02
----------------------------------------------------------

3/31 Testing: issue178_test
3/31 Test: issue178_test
Command: "/Users/hcs/Documents/version-control/leveldb/build/issue178_test"
Directory: /Users/hcs/Documents/version-control/leveldb/build
"issue178_test" start time: Jan 22 11:51 CST
Output:
----------------------------------------------------------
[==========] Running 1 test from 1 test suite.
[----------] Global test environment set-up.
[----------] 1 test from Issue178
[ RUN      ] Issue178.Test
[       OK ] Issue178.Test (5406 ms)
[----------] 1 test from Issue178 (5406 ms total)

[----------] Global test environment tear-down
[==========] 1 test from 1 test suite ran. (5406 ms total)
[  PASSED  ] 1 test.
<end of output>
Test time =   5.43 sec
----------------------------------------------------------
Test Passed.
"issue178_test" end time: Jan 22 11:51 CST
"issue178_test" time elapsed: 00:00:05
----------------------------------------------------------

4/31 Testing: issue200_test
4/31 Test: issue200_test
Command: "/Users/hcs/Documents/version-control/leveldb/build/issue200_test"
Directory: /Users/hcs/Documents/version-control/leveldb/build
"issue200_test" start time: Jan 22 11:51 CST
Output:
----------------------------------------------------------
[==========] Running 1 test from 1 test suite.
[----------] Global test environment set-up.
[----------] 1 test from Issue200
[ RUN      ] Issue200.Test
[       OK ] Issue200.Test (47 ms)
[----------] 1 test from Issue200 (47 ms total)

[----------] Global test environment tear-down
[==========] 1 test from 1 test suite ran. (47 ms total)
[  PASSED  ] 1 test.
<end of output>
Test time =   0.06 sec
----------------------------------------------------------
Test Passed.
"issue200_test" end time: Jan 22 11:51 CST
"issue200_test" time elapsed: 00:00:00
----------------------------------------------------------

5/31 Testing: issue320_test
5/31 Test: issue320_test
Command: "/Users/hcs/Documents/version-control/leveldb/build/issue320_test"
Directory: /Users/hcs/Documents/version-control/leveldb/build
"issue320_test" start time: Jan 22 11:51 CST
Output:
----------------------------------------------------------
[==========] Running 1 test from 1 test suite.
[----------] Global test environment set-up.
[----------] 1 test from Issue320
[ RUN      ] Issue320.Test
count: 1000
count: 2000
count: 3000
count: 4000
count: 5000
count: 6000
count: 7000
count: 8000
count: 9000
count: 10000
count: 11000
count: 12000
count: 13000
count: 14000
count: 15000
count: 16000
count: 17000
count: 18000
count: 19000
count: 20000
count: 21000
count: 22000
count: 23000
count: 24000
count: 25000
count: 26000
count: 27000
count: 28000
count: 29000
count: 30000
count: 31000
count: 32000
count: 33000
count: 34000
count: 35000
count: 36000
count: 37000
count: 38000
count: 39000
count: 40000
count: 41000
count: 42000
count: 43000
count: 44000
count: 45000
count: 46000
count: 47000
count: 48000
count: 49000
count: 50000
count: 51000
count: 52000
count: 53000
count: 54000
count: 55000
count: 56000
count: 57000
count: 58000
count: 59000
count: 60000
count: 61000
count: 62000
count: 63000
count: 64000
count: 65000
count: 66000
count: 67000
count: 68000
count: 69000
count: 70000
count: 71000
count: 72000
count: 73000
count: 74000
count: 75000
count: 76000
count: 77000
count: 78000
count: 79000
count: 80000
count: 81000
count: 82000
count: 83000
count: 84000
count: 85000
count: 86000
count: 87000
count: 88000
count: 89000
count: 90000
count: 91000
count: 92000
count: 93000
count: 94000
count: 95000
count: 96000
count: 97000
count: 98000
count: 99000
count: 100000
count: 101000
count: 102000
count: 103000
count: 104000
count: 105000
count: 106000
count: 107000
count: 108000
count: 109000
count: 110000
count: 111000
count: 112000
count: 113000
count: 114000
count: 115000
count: 116000
count: 117000
count: 118000
count: 119000
count: 120000
count: 121000
count: 122000
count: 123000
count: 124000
count: 125000
count: 126000
count: 127000
count: 128000
count: 129000
count: 130000
count: 131000
count: 132000
count: 133000
count: 134000
count: 135000
count: 136000
count: 137000
count: 138000
count: 139000
count: 140000
count: 141000
count: 142000
count: 143000
count: 144000
count: 145000
count: 146000
count: 147000
count: 148000
count: 149000
count: 150000
count: 151000
count: 152000
count: 153000
count: 154000
count: 155000
count: 156000
count: 157000
count: 158000
count: 159000
count: 160000
count: 161000
count: 162000
count: 163000
count: 164000
count: 165000
count: 166000
count: 167000
count: 168000
count: 169000
count: 170000
count: 171000
count: 172000
count: 173000
count: 174000
count: 175000
count: 176000
count: 177000
count: 178000
count: 179000
count: 180000
count: 181000
count: 182000
count: 183000
count: 184000
count: 185000
count: 186000
count: 187000
count: 188000
count: 189000
count: 190000
count: 191000
count: 192000
count: 193000
count: 194000
count: 195000
count: 196000
count: 197000
count: 198000
count: 199000
count: 200000
[       OK ] Issue320.Test (13907 ms)
[----------] 1 test from Issue320 (13907 ms total)

[----------] Global test environment tear-down
[==========] 1 test from 1 test suite ran. (13907 ms total)
[  PASSED  ] 1 test.
<end of output>
Test time =  13.92 sec
----------------------------------------------------------
Test Passed.
"issue320_test" end time: Jan 22 11:51 CST
"issue320_test" time elapsed: 00:00:13
----------------------------------------------------------

6/31 Testing: env_test
6/31 Test: env_test
Command: "/Users/hcs/Documents/version-control/leveldb/build/env_test"
Directory: /Users/hcs/Documents/version-control/leveldb/build
"env_test" start time: Jan 22 11:51 CST
Output:
----------------------------------------------------------
[==========] Running 7 tests from 1 test suite.
[----------] Global test environment set-up.
[----------] 7 tests from EnvTest
[ RUN      ] EnvTest.ReadWrite
[       OK ] EnvTest.ReadWrite (115 ms)
[ RUN      ] EnvTest.RunImmediately
[       OK ] EnvTest.RunImmediately (0 ms)
[ RUN      ] EnvTest.RunMany
[       OK ] EnvTest.RunMany (0 ms)
[ RUN      ] EnvTest.StartThread
[       OK ] EnvTest.StartThread (0 ms)
[ RUN      ] EnvTest.TestOpenNonExistentFile
[       OK ] EnvTest.TestOpenNonExistentFile (0 ms)
[ RUN      ] EnvTest.ReopenWritableFile
[       OK ] EnvTest.ReopenWritableFile (1 ms)
[ RUN      ] EnvTest.ReopenAppendableFile
[       OK ] EnvTest.ReopenAppendableFile (1 ms)
[----------] 7 tests from EnvTest (117 ms total)

[----------] Global test environment tear-down
[==========] 7 tests from 1 test suite ran. (117 ms total)
[  PASSED  ] 7 tests.
<end of output>
Test time =   0.13 sec
----------------------------------------------------------
Test Passed.
"env_test" end time: Jan 22 11:51 CST
"env_test" time elapsed: 00:00:00
----------------------------------------------------------

7/31 Testing: status_test
7/31 Test: status_test
Command: "/Users/hcs/Documents/version-control/leveldb/build/status_test"
Directory: /Users/hcs/Documents/version-control/leveldb/build
"status_test" start time: Jan 22 11:51 CST
Output:
----------------------------------------------------------
[==========] Running 1 test from 1 test suite.
[----------] Global test environment set-up.
[----------] 1 test from Status
[ RUN      ] Status.MoveConstructor
[       OK ] Status.MoveConstructor (0 ms)
[----------] 1 test from Status (0 ms total)

[----------] Global test environment tear-down
[==========] 1 test from 1 test suite ran. (0 ms total)
[  PASSED  ] 1 test.
<end of output>
Test time =   0.01 sec
----------------------------------------------------------
Test Passed.
"status_test" end time: Jan 22 11:51 CST
"status_test" time elapsed: 00:00:00
----------------------------------------------------------

8/31 Testing: no_destructor_test
8/31 Test: no_destructor_test
Command: "/Users/hcs/Documents/version-control/leveldb/build/no_destructor_test"
Directory: /Users/hcs/Documents/version-control/leveldb/build
"no_destructor_test" start time: Jan 22 11:51 CST
Output:
----------------------------------------------------------
[==========] Running 2 tests from 1 test suite.
[----------] Global test environment set-up.
[----------] 2 tests from NoDestructorTest
[ RUN      ] NoDestructorTest.StackInstance
[       OK ] NoDestructorTest.StackInstance (0 ms)
[ RUN      ] NoDestructorTest.StaticInstance
[       OK ] NoDestructorTest.StaticInstance (0 ms)
[----------] 2 tests from NoDestructorTest (0 ms total)

[----------] Global test environment tear-down
[==========] 2 tests from 1 test suite ran. (0 ms total)
[  PASSED  ] 2 tests.
<end of output>
Test time =   0.01 sec
----------------------------------------------------------
Test Passed.
"no_destructor_test" end time: Jan 22 11:51 CST
"no_destructor_test" time elapsed: 00:00:00
----------------------------------------------------------

9/31 Testing: app_test
9/31 Test: app_test
Command: "/Users/hcs/Documents/version-control/leveldb/build/app_test"
Directory: /Users/hcs/Documents/version-control/leveldb/build
"app_test" start time: Jan 22 11:51 CST
Output:
----------------------------------------------------------
ValueExample
<end of output>
Test time =   0.05 sec
----------------------------------------------------------
Test Passed.
"app_test" end time: Jan 22 11:51 CST
"app_test" time elapsed: 00:00:00
----------------------------------------------------------

10/31 Testing: autocompact_test
10/31 Test: autocompact_test
Command: "/Users/hcs/Documents/version-control/leveldb/build/autocompact_test"
Directory: /Users/hcs/Documents/version-control/leveldb/build
"autocompact_test" start time: Jan 22 11:51 CST
Output:
----------------------------------------------------------
[==========] Running 2 tests from 1 test suite.
[----------] Global test environment set-up.
[----------] 2 tests from AutoCompactTest
[ RUN      ] AutoCompactTest.ReadAll
iter   1 => 100.040 MB [other   0.000 MB]
iter   2 => 100.040 MB [other   0.000 MB]
iter   3 => 100.040 MB [other   0.000 MB]
iter   4 => 100.040 MB [other   0.000 MB]
iter   5 => 100.040 MB [other   0.000 MB]
iter   6 => 100.040 MB [other   0.000 MB]
iter   7 =>  79.524 MB [other   0.000 MB]
iter   8 =>  59.008 MB [other   0.000 MB]
iter   9 =>  38.492 MB [other   0.000 MB]
iter  10 =>  17.976 MB [other   0.000 MB]
iter  11 =>   4.103 MB [other   0.000 MB]
[       OK ] AutoCompactTest.ReadAll (12258 ms)
[ RUN      ] AutoCompactTest.ReadHalf
iter   1 =>  50.017 MB [other  50.023 MB]
iter   2 =>  50.020 MB [other  50.021 MB]
iter   3 =>  50.020 MB [other  50.021 MB]
iter   4 =>  50.020 MB [other  50.021 MB]
iter   5 =>  50.020 MB [other  50.021 MB]
iter   6 =>  50.020 MB [other  50.021 MB]
iter   7 =>  29.504 MB [other  50.021 MB]
iter   8 =>   8.988 MB [other  50.021 MB]
iter   9 =>   4.103 MB [other  34.389 MB]
[       OK ] AutoCompactTest.ReadHalf (10307 ms)
[----------] 2 tests from AutoCompactTest (22565 ms total)

[----------] Global test environment tear-down
[==========] 2 tests from 1 test suite ran. (22565 ms total)
[  PASSED  ] 2 tests.
<end of output>
Test time =  22.57 sec
----------------------------------------------------------
Test Passed.
"autocompact_test" end time: Jan 22 11:52 CST
"autocompact_test" time elapsed: 00:00:22
----------------------------------------------------------

11/31 Testing: corruption_test
11/31 Test: corruption_test
Command: "/Users/hcs/Documents/version-control/leveldb/build/corruption_test"
Directory: /Users/hcs/Documents/version-control/leveldb/build
"corruption_test" start time: Jan 22 11:52 CST
Output:
----------------------------------------------------------
[==========] Running 12 tests from 1 test suite.
[----------] Global test environment set-up.
[----------] 12 tests from CorruptionTest
[ RUN      ] CorruptionTest.Recovery
expected=100..100; got=100; bad_keys=0; bad_values=0; missed=0
expected=36..36; got=36; bad_keys=0; bad_values=0; missed=64
[       OK ] CorruptionTest.Recovery (3 ms)
[ RUN      ] CorruptionTest.RecoverWriteError
[       OK ] CorruptionTest.RecoverWriteError (0 ms)
[ RUN      ] CorruptionTest.NewFileErrorDuringWrite
[       OK ] CorruptionTest.NewFileErrorDuringWrite (35 ms)
[ RUN      ] CorruptionTest.TableFile
expected=90..99; got=99; bad_keys=0; bad_values=1; missed=0
[       OK ] CorruptionTest.TableFile (2 ms)
[ RUN      ] CorruptionTest.TableFileRepair
expected=95..99; got=98; bad_keys=0; bad_values=0; missed=2
[       OK ] CorruptionTest.TableFileRepair (2 ms)
[ RUN      ] CorruptionTest.TableFileIndexData
expected=5000..9999; got=7962; bad_keys=0; bad_values=0; missed=0
[       OK ] CorruptionTest.TableFileIndexData (119 ms)
[ RUN      ] CorruptionTest.MissingDescriptor
expected=1000..1000; got=1000; bad_keys=0; bad_values=0; missed=0
[       OK ] CorruptionTest.MissingDescriptor (14 ms)
[ RUN      ] CorruptionTest.SequenceNumberRecovery
[       OK ] CorruptionTest.SequenceNumberRecovery (0 ms)
[ RUN      ] CorruptionTest.CorruptedDescriptor
[       OK ] CorruptionTest.CorruptedDescriptor (1 ms)
[ RUN      ] CorruptionTest.CompactionInputError
expected=5..9; got=9; bad_keys=0; bad_values=1; missed=0
expected=10000..10000; got=10000; bad_keys=0; bad_values=0; missed=0
[       OK ] CorruptionTest.CompactionInputError (123 ms)
[ RUN      ] CorruptionTest.CompactionInputErrorParanoid
[       OK ] CorruptionTest.CompactionInputErrorParanoid (208 ms)
[ RUN      ] CorruptionTest.UnrelatedKeys
[       OK ] CorruptionTest.UnrelatedKeys (0 ms)
[----------] 12 tests from CorruptionTest (507 ms total)

[----------] Global test environment tear-down
[==========] 12 tests from 1 test suite ran. (507 ms total)
[  PASSED  ] 12 tests.
<end of output>
Test time =   0.52 sec
----------------------------------------------------------
Test Passed.
"corruption_test" end time: Jan 22 11:52 CST
"corruption_test" time elapsed: 00:00:00
----------------------------------------------------------

12/31 Testing: db_test
12/31 Test: db_test
Command: "/Users/hcs/Documents/version-control/leveldb/build/db_test"
Directory: /Users/hcs/Documents/version-control/leveldb/build
"db_test" start time: Jan 22 11:52 CST
Output:
----------------------------------------------------------
[==========] Running 56 tests from 1 test suite.
[----------] Global test environment set-up.
[----------] 56 tests from DBTest
[ RUN      ] DBTest.Empty
[       OK ] DBTest.Empty (167 ms)
[ RUN      ] DBTest.EmptyKey
[       OK ] DBTest.EmptyKey (153 ms)
[ RUN      ] DBTest.EmptyValue
[       OK ] DBTest.EmptyValue (180 ms)
[ RUN      ] DBTest.ReadWrite
[       OK ] DBTest.ReadWrite (150 ms)
[ RUN      ] DBTest.PutDeleteGet
[       OK ] DBTest.PutDeleteGet (160 ms)
[ RUN      ] DBTest.GetFromImmutableLayer
[       OK ] DBTest.GetFromImmutableLayer (310 ms)
[ RUN      ] DBTest.GetFromVersions
[       OK ] DBTest.GetFromVersions (302 ms)
[ RUN      ] DBTest.GetMemUsage
[       OK ] DBTest.GetMemUsage (153 ms)
[ RUN      ] DBTest.GetSnapshot
[       OK ] DBTest.GetSnapshot (464 ms)
[ RUN      ] DBTest.GetIdenticalSnapshots
[       OK ] DBTest.GetIdenticalSnapshots (424 ms)
[ RUN      ] DBTest.IterateOverEmptySnapshot
[       OK ] DBTest.IterateOverEmptySnapshot (292 ms)
[ RUN      ] DBTest.GetLevel0Ordering
[       OK ] DBTest.GetLevel0Ordering (426 ms)
[ RUN      ] DBTest.GetOrderedByLevels
[       OK ] DBTest.GetOrderedByLevels (446 ms)
[ RUN      ] DBTest.GetPicksCorrectFile
[       OK ] DBTest.GetPicksCorrectFile (555 ms)
[ RUN      ] DBTest.GetEncountersEmptyLevel
[       OK ] DBTest.GetEncountersEmptyLevel (4715 ms)
[ RUN      ] DBTest.IterEmpty
[       OK ] DBTest.IterEmpty (49 ms)
[ RUN      ] DBTest.IterSingle
[       OK ] DBTest.IterSingle (45 ms)
[ RUN      ] DBTest.IterMulti
[       OK ] DBTest.IterMulti (54 ms)
[ RUN      ] DBTest.IterSmallAndLargeMix
[       OK ] DBTest.IterSmallAndLargeMix (48 ms)
[ RUN      ] DBTest.IterMultiWithDelete
[       OK ] DBTest.IterMultiWithDelete (161 ms)
[ RUN      ] DBTest.Recover
[       OK ] DBTest.Recover (396 ms)
[ RUN      ] DBTest.RecoveryWithEmptyLog
[       OK ] DBTest.RecoveryWithEmptyLog (516 ms)
[ RUN      ] DBTest.RecoverDuringMemtableCompaction
[       OK ] DBTest.RecoverDuringMemtableCompaction (886 ms)
[ RUN      ] DBTest.MinorCompactionsHappen
[       OK ] DBTest.MinorCompactionsHappen (408 ms)
[ RUN      ] DBTest.RecoverWithLargeLog
[       OK ] DBTest.RecoverWithLargeLog (177 ms)
[ RUN      ] DBTest.CompactionsGenerateMultipleFiles
[       OK ] DBTest.CompactionsGenerateMultipleFiles (351 ms)
[ RUN      ] DBTest.RepeatedWritesToSameKey
after 1: 0 files
after 2: 0 files
after 3: 1 files
after 4: 2 files
after 5: 3 files
after 6: 4 files
after 7: 5 files
after 8: 6 files
after 9: 7 files
after 10: 4 files
after 11: 5 files
after 12: 6 files
after 13: 7 files
after 14: 4 files
after 15: 5 files
after 16: 6 files
after 17: 7 files
after 18: 4 files
after 19: 5 files
after 20: 6 files
after 21: 7 files
after 22: 4 files
after 23: 5 files
after 24: 6 files
after 25: 7 files
after 26: 4 files
after 27: 5 files
after 28: 6 files
after 29: 7 files
after 30: 4 files
after 31: 5 files
after 32: 6 files
after 33: 7 files
after 34: 4 files
after 35: 5 files
after 36: 6 files
after 37: 7 files
after 38: 4 files
after 39: 5 files
after 40: 6 files
after 41: 7 files
after 42: 4 files
after 43: 5 files
after 44: 6 files
after 45: 7 files
after 46: 4 files
after 47: 5 files
after 48: 6 files
after 49: 7 files
after 50: 4 files
after 51: 5 files
after 52: 6 files
after 53: 7 files
after 54: 4 files
after 55: 5 files
after 56: 6 files
after 57: 7 files
after 58: 4 files
after 59: 5 files
after 60: 6 files
after 61: 7 files
after 62: 4 files
after 63: 5 files
after 64: 6 files
after 65: 7 files
after 66: 4 files
after 67: 5 files
after 68: 6 files
after 69: 7 files
after 70: 4 files
after 71: 5 files
after 72: 6 files
after 73: 7 files
after 74: 4 files
after 75: 5 files
after 76: 6 files
after 77: 7 files
after 78: 4 files
after 79: 5 files
after 80: 6 files
after 81: 7 files
after 82: 4 files
after 83: 5 files
after 84: 6 files
after 85: 7 files
after 86: 4 files
after 87: 5 files
after 88: 6 files
after 89: 7 files
after 90: 4 files
after 91: 5 files
after 92: 6 files
after 93: 7 files
after 94: 4 files
after 95: 5 files
[       OK ] DBTest.RepeatedWritesToSameKey (4068 ms)
[ RUN      ] DBTest.SparseMerge
[       OK ] DBTest.SparseMerge (5657 ms)
[ RUN      ] DBTest.ApproximateSizes
[       OK ] DBTest.ApproximateSizes (1452 ms)
[ RUN      ] DBTest.ApproximateSizes_MixOfSmallAndLarge
[       OK ] DBTest.ApproximateSizes_MixOfSmallAndLarge (841 ms)
[ RUN      ] DBTest.IteratorPinsRef
[       OK ] DBTest.IteratorPinsRef (137 ms)
[ RUN      ] DBTest.Snapshot
[       OK ] DBTest.Snapshot (159 ms)
[ RUN      ] DBTest.HiddenValuesAreRemoved
[       OK ] DBTest.HiddenValuesAreRemoved (1651 ms)
[ RUN      ] DBTest.DeletionMarkers1
[       OK ] DBTest.DeletionMarkers1 (204 ms)
[ RUN      ] DBTest.DeletionMarkers2
[       OK ] DBTest.DeletionMarkers2 (224 ms)
[ RUN      ] DBTest.OverlapInLevel0
[       OK ] DBTest.OverlapInLevel0 (914 ms)
[ RUN      ] DBTest.L0_CompactionBug_Issue44_a
[       OK ] DBTest.L0_CompactionBug_Issue44_a (1337 ms)
[ RUN      ] DBTest.L0_CompactionBug_Issue44_b
[       OK ] DBTest.L0_CompactionBug_Issue44_b (2503 ms)
[ RUN      ] DBTest.Fflush_Issue474
[       OK ] DBTest.Fflush_Issue474 (672 ms)
[ RUN      ] DBTest.ComparatorCheck
[       OK ] DBTest.ComparatorCheck (48 ms)
[ RUN      ] DBTest.CustomComparator
[       OK ] DBTest.CustomComparator (304 ms)
[ RUN      ] DBTest.ManualCompaction
[       OK ] DBTest.ManualCompaction (565 ms)
[ RUN      ] DBTest.DBOpen_Options
[       OK ] DBTest.DBOpen_Options (138 ms)
[ RUN      ] DBTest.DestroyEmptyDir
[       OK ] DBTest.DestroyEmptyDir (52 ms)
[ RUN      ] DBTest.DestroyOpenDB
[       OK ] DBTest.DestroyOpenDB (102 ms)
[ RUN      ] DBTest.Locking
[       OK ] DBTest.Locking (53 ms)
[ RUN      ] DBTest.NoSpace
[       OK ] DBTest.NoSpace (137 ms)
[ RUN      ] DBTest.NonWritableFileSystem
iter 0; errors 0
iter 1; errors 0
iter 2; errors 1
iter 3; errors 2
iter 4; errors 3
iter 5; errors 4
iter 6; errors 5
iter 7; errors 6
iter 8; errors 7
iter 9; errors 8
iter 10; errors 9
iter 11; errors 10
iter 12; errors 11
iter 13; errors 12
iter 14; errors 13
iter 15; errors 14
iter 16; errors 15
iter 17; errors 16
iter 18; errors 17
iter 19; errors 18
[       OK ] DBTest.NonWritableFileSystem (2039 ms)
[ RUN      ] DBTest.WriteSyncError
[       OK ] DBTest.WriteSyncError (82 ms)
[ RUN      ] DBTest.ManifestWriteError
[       OK ] DBTest.ManifestWriteError (301 ms)
[ RUN      ] DBTest.MissingSSTFile
[       OK ] DBTest.MissingSSTFile (77 ms)
[ RUN      ] DBTest.StillReadSST
[       OK ] DBTest.StillReadSST (115 ms)
[ RUN      ] DBTest.FilesDeletedAfterCompaction
[       OK ] DBTest.FilesDeletedAfterCompaction (729 ms)
[ RUN      ] DBTest.BloomFilter
10000 present => 10125 reads
10000 missing => 181 reads
[       OK ] DBTest.BloomFilter (365 ms)
[ RUN      ] DBTest.MultiThreaded
... starting thread 0
... starting thread 3
... starting thread 1
... starting thread 2
... stopping thread 0 after 272111 ops
... stopping thread 2 after 273360 ops
... stopping thread 1 after 273294 ops
... stopping thread 3 after 275136 ops
... starting thread 0
... starting thread 1
... starting thread 2
... starting thread 3
... stopping thread 2 after 270232 ops
... stopping thread 3 after 270193 ops
... stopping thread 0 after 270561 ops
... stopping thread 1 after 270091 ops
... starting thread 0
... starting thread 3
... starting thread 2
... starting thread 1
... stopping thread 3 after 275230 ops
... stopping thread 0 after 275037 ops
... stopping thread 2 after 275196 ops
... stopping thread 1 after 274724 ops
... starting thread 0
... starting thread 3
... starting thread 1
... starting thread 2
... stopping thread 0 after 271370 ops
... stopping thread 2 after 271403 ops
... stopping thread 3 after 271431 ops
... stopping thread 1 after 271718 ops
[       OK ] DBTest.MultiThreaded (40580 ms)
[ RUN      ] DBTest.Randomized
Step 0 of 10000
1 entries compared: ok=1
1 entries compared: ok=1
1 entries compared: ok=1
Step 100 of 10000
41 entries compared: ok=1
1 entries compared: ok=1
41 entries compared: ok=1
Step 200 of 10000
78 entries compared: ok=1
41 entries compared: ok=1
78 entries compared: ok=1
Step 300 of 10000
101 entries compared: ok=1
78 entries compared: ok=1
101 entries compared: ok=1
Step 400 of 10000
138 entries compared: ok=1
101 entries compared: ok=1
138 entries compared: ok=1
Step 500 of 10000
168 entries compared: ok=1
138 entries compared: ok=1
168 entries compared: ok=1
Step 600 of 10000
196 entries compared: ok=1
168 entries compared: ok=1
196 entries compared: ok=1
Step 700 of 10000
220 entries compared: ok=1
196 entries compared: ok=1
220 entries compared: ok=1
Step 800 of 10000
244 entries compared: ok=1
220 entries compared: ok=1
244 entries compared: ok=1
Step 900 of 10000
286 entries compared: ok=1
244 entries compared: ok=1
286 entries compared: ok=1
Step 1000 of 10000
319 entries compared: ok=1
286 entries compared: ok=1
319 entries compared: ok=1
Step 1100 of 10000
360 entries compared: ok=1
319 entries compared: ok=1
360 entries compared: ok=1
Step 1200 of 10000
393 entries compared: ok=1
360 entries compared: ok=1
393 entries compared: ok=1
Step 1300 of 10000
420 entries compared: ok=1
393 entries compared: ok=1
420 entries compared: ok=1
Step 1400 of 10000
449 entries compared: ok=1
420 entries compared: ok=1
449 entries compared: ok=1
Step 1500 of 10000
479 entries compared: ok=1
449 entries compared: ok=1
479 entries compared: ok=1
Step 1600 of 10000
509 entries compared: ok=1
479 entries compared: ok=1
509 entries compared: ok=1
Step 1700 of 10000
540 entries compared: ok=1
509 entries compared: ok=1
540 entries compared: ok=1
Step 1800 of 10000
569 entries compared: ok=1
540 entries compared: ok=1
569 entries compared: ok=1
Step 1900 of 10000
595 entries compared: ok=1
569 entries compared: ok=1
595 entries compared: ok=1
Step 2000 of 10000
625 entries compared: ok=1
595 entries compared: ok=1
625 entries compared: ok=1
Step 2100 of 10000
644 entries compared: ok=1
625 entries compared: ok=1
644 entries compared: ok=1
Step 2200 of 10000
677 entries compared: ok=1
644 entries compared: ok=1
677 entries compared: ok=1
Step 2300 of 10000
716 entries compared: ok=1
677 entries compared: ok=1
716 entries compared: ok=1
Step 2400 of 10000
745 entries compared: ok=1
716 entries compared: ok=1
745 entries compared: ok=1
Step 2500 of 10000
770 entries compared: ok=1
745 entries compared: ok=1
770 entries compared: ok=1
Step 2600 of 10000
796 entries compared: ok=1
770 entries compared: ok=1
796 entries compared: ok=1
Step 2700 of 10000
818 entries compared: ok=1
796 entries compared: ok=1
818 entries compared: ok=1
Step 2800 of 10000
858 entries compared: ok=1
818 entries compared: ok=1
858 entries compared: ok=1
Step 2900 of 10000
895 entries compared: ok=1
858 entries compared: ok=1
895 entries compared: ok=1
Step 3000 of 10000
922 entries compared: ok=1
895 entries compared: ok=1
922 entries compared: ok=1
Step 3100 of 10000
945 entries compared: ok=1
922 entries compared: ok=1
945 entries compared: ok=1
Step 3200 of 10000
982 entries compared: ok=1
945 entries compared: ok=1
982 entries compared: ok=1
Step 3300 of 10000
997 entries compared: ok=1
982 entries compared: ok=1
997 entries compared: ok=1
Step 3400 of 10000
1026 entries compared: ok=1
997 entries compared: ok=1
1026 entries compared: ok=1
Step 3500 of 10000
1055 entries compared: ok=1
1026 entries compared: ok=1
1055 entries compared: ok=1
Step 3600 of 10000
1074 entries compared: ok=1
1055 entries compared: ok=1
1074 entries compared: ok=1
Step 3700 of 10000
1094 entries compared: ok=1
1074 entries compared: ok=1
1094 entries compared: ok=1
Step 3800 of 10000
1130 entries compared: ok=1
1094 entries compared: ok=1
1130 entries compared: ok=1
Step 3900 of 10000
1157 entries compared: ok=1
1130 entries compared: ok=1
1157 entries compared: ok=1
Step 4000 of 10000
1182 entries compared: ok=1
1157 entries compared: ok=1
1182 entries compared: ok=1
Step 4100 of 10000
1200 entries compared: ok=1
1182 entries compared: ok=1
1200 entries compared: ok=1
Step 4200 of 10000
1233 entries compared: ok=1
1200 entries compared: ok=1
1233 entries compared: ok=1
Step 4300 of 10000
1261 entries compared: ok=1
1233 entries compared: ok=1
1261 entries compared: ok=1
Step 4400 of 10000
1293 entries compared: ok=1
1261 entries compared: ok=1
1293 entries compared: ok=1
Step 4500 of 10000
1320 entries compared: ok=1
1293 entries compared: ok=1
1320 entries compared: ok=1
Step 4600 of 10000
1351 entries compared: ok=1
1320 entries compared: ok=1
1351 entries compared: ok=1
Step 4700 of 10000
1375 entries compared: ok=1
1351 entries compared: ok=1
1375 entries compared: ok=1
Step 4800 of 10000
1404 entries compared: ok=1
1375 entries compared: ok=1
1404 entries compared: ok=1
Step 4900 of 10000
1433 entries compared: ok=1
1404 entries compared: ok=1
1433 entries compared: ok=1
Step 5000 of 10000
1450 entries compared: ok=1
1433 entries compared: ok=1
1450 entries compared: ok=1
Step 5100 of 10000
1477 entries compared: ok=1
1450 entries compared: ok=1
1477 entries compared: ok=1
Step 5200 of 10000
1503 entries compared: ok=1
1477 entries compared: ok=1
1503 entries compared: ok=1
Step 5300 of 10000
1527 entries compared: ok=1
1503 entries compared: ok=1
1527 entries compared: ok=1
Step 5400 of 10000
1559 entries compared: ok=1
1527 entries compared: ok=1
1559 entries compared: ok=1
Step 5500 of 10000
1587 entries compared: ok=1
1559 entries compared: ok=1
1587 entries compared: ok=1
Step 5600 of 10000
1611 entries compared: ok=1
1587 entries compared: ok=1
1611 entries compared: ok=1
Step 5700 of 10000
1633 entries compared: ok=1
1611 entries compared: ok=1
1633 entries compared: ok=1
Step 5800 of 10000
1657 entries compared: ok=1
1633 entries compared: ok=1
1657 entries compared: ok=1
Step 5900 of 10000
1681 entries compared: ok=1
1657 entries compared: ok=1
1681 entries compared: ok=1
Step 6000 of 10000
1708 entries compared: ok=1
1681 entries compared: ok=1
1708 entries compared: ok=1
Step 6100 of 10000
1731 entries compared: ok=1
1708 entries compared: ok=1
1731 entries compared: ok=1
Step 6200 of 10000
1750 entries compared: ok=1
1731 entries compared: ok=1
1750 entries compared: ok=1
Step 6300 of 10000
1771 entries compared: ok=1
1750 entries compared: ok=1
1771 entries compared: ok=1
Step 6400 of 10000
1797 entries compared: ok=1
1771 entries compared: ok=1
1797 entries compared: ok=1
Step 6500 of 10000
1830 entries compared: ok=1
1797 entries compared: ok=1
1830 entries compared: ok=1
Step 6600 of 10000
1867 entries compared: ok=1
1830 entries compared: ok=1
1867 entries compared: ok=1
Step 6700 of 10000
1901 entries compared: ok=1
1867 entries compared: ok=1
1901 entries compared: ok=1
Step 6800 of 10000
1923 entries compared: ok=1
1901 entries compared: ok=1
1923 entries compared: ok=1
Step 6900 of 10000
1942 entries compared: ok=1
1923 entries compared: ok=1
1942 entries compared: ok=1
Step 7000 of 10000
1983 entries compared: ok=1
1942 entries compared: ok=1
1983 entries compared: ok=1
Step 7100 of 10000
2007 entries compared: ok=1
1983 entries compared: ok=1
2007 entries compared: ok=1
Step 7200 of 10000
2037 entries compared: ok=1
2007 entries compared: ok=1
2037 entries compared: ok=1
Step 7300 of 10000
2068 entries compared: ok=1
2037 entries compared: ok=1
2068 entries compared: ok=1
Step 7400 of 10000
2093 entries compared: ok=1
2068 entries compared: ok=1
2093 entries compared: ok=1
Step 7500 of 10000
2114 entries compared: ok=1
2093 entries compared: ok=1
2114 entries compared: ok=1
Step 7600 of 10000
2131 entries compared: ok=1
2114 entries compared: ok=1
2131 entries compared: ok=1
Step 7700 of 10000
2163 entries compared: ok=1
2131 entries compared: ok=1
2163 entries compared: ok=1
Step 7800 of 10000
2202 entries compared: ok=1
2163 entries compared: ok=1
2202 entries compared: ok=1
Step 7900 of 10000
2229 entries compared: ok=1
2202 entries compared: ok=1
2229 entries compared: ok=1
Step 8000 of 10000
2256 entries compared: ok=1
2229 entries compared: ok=1
2256 entries compared: ok=1
Step 8100 of 10000
2278 entries compared: ok=1
2256 entries compared: ok=1
2278 entries compared: ok=1
Step 8200 of 10000
2300 entries compared: ok=1
2278 entries compared: ok=1
2300 entries compared: ok=1
Step 8300 of 10000
2331 entries compared: ok=1
2300 entries compared: ok=1
2331 entries compared: ok=1
Step 8400 of 10000
2364 entries compared: ok=1
2331 entries compared: ok=1
2364 entries compared: ok=1
Step 8500 of 10000
2400 entries compared: ok=1
2364 entries compared: ok=1
2400 entries compared: ok=1
Step 8600 of 10000
2421 entries compared: ok=1
2400 entries compared: ok=1
2421 entries compared: ok=1
Step 8700 of 10000
2440 entries compared: ok=1
2421 entries compared: ok=1
2440 entries compared: ok=1
Step 8800 of 10000
2461 entries compared: ok=1
2440 entries compared: ok=1
2461 entries compared: ok=1
Step 8900 of 10000
2488 entries compared: ok=1
2461 entries compared: ok=1
2488 entries compared: ok=1
Step 9000 of 10000
2508 entries compared: ok=1
2488 entries compared: ok=1
2508 entries compared: ok=1
Step 9100 of 10000
2533 entries compared: ok=1
2508 entries compared: ok=1
2533 entries compared: ok=1
Step 9200 of 10000
2552 entries compared: ok=1
2533 entries compared: ok=1
2552 entries compared: ok=1
Step 9300 of 10000
2583 entries compared: ok=1
2552 entries compared: ok=1
2583 entries compared: ok=1
Step 9400 of 10000
2618 entries compared: ok=1
2583 entries compared: ok=1
2618 entries compared: ok=1
Step 9500 of 10000
2645 entries compared: ok=1
2618 entries compared: ok=1
2645 entries compared: ok=1
Step 9600 of 10000
2675 entries compared: ok=1
2645 entries compared: ok=1
2675 entries compared: ok=1
Step 9700 of 10000
2705 entries compared: ok=1
2675 entries compared: ok=1
2705 entries compared: ok=1
Step 9800 of 10000
2736 entries compared: ok=1
2705 entries compared: ok=1
2736 entries compared: ok=1
Step 9900 of 10000
2760 entries compared: ok=1
2736 entries compared: ok=1
2760 entries compared: ok=1
Step 0 of 10000
1 entries compared: ok=1
1 entries compared: ok=1
1 entries compared: ok=1
Step 100 of 10000
51 entries compared: ok=1
1 entries compared: ok=1
51 entries compared: ok=1
Step 200 of 10000
88 entries compared: ok=1
51 entries compared: ok=1
88 entries compared: ok=1
Step 300 of 10000
109 entries compared: ok=1
88 entries compared: ok=1
109 entries compared: ok=1
Step 400 of 10000
143 entries compared: ok=1
109 entries compared: ok=1
143 entries compared: ok=1
Step 500 of 10000
173 entries compared: ok=1
143 entries compared: ok=1
173 entries compared: ok=1
Step 600 of 10000
190 entries compared: ok=1
173 entries compared: ok=1
190 entries compared: ok=1
Step 700 of 10000
225 entries compared: ok=1
190 entries compared: ok=1
225 entries compared: ok=1
Step 800 of 10000
251 entries compared: ok=1
225 entries compared: ok=1
251 entries compared: ok=1
Step 900 of 10000
282 entries compared: ok=1
251 entries compared: ok=1
282 entries compared: ok=1
Step 1000 of 10000
310 entries compared: ok=1
282 entries compared: ok=1
310 entries compared: ok=1
Step 1100 of 10000
341 entries compared: ok=1
310 entries compared: ok=1
341 entries compared: ok=1
Step 1200 of 10000
374 entries compared: ok=1
341 entries compared: ok=1
374 entries compared: ok=1
Step 1300 of 10000
410 entries compared: ok=1
374 entries compared: ok=1
410 entries compared: ok=1
Step 1400 of 10000
446 entries compared: ok=1
410 entries compared: ok=1
446 entries compared: ok=1
Step 1500 of 10000
471 entries compared: ok=1
446 entries compared: ok=1
471 entries compared: ok=1
Step 1600 of 10000
517 entries compared: ok=1
471 entries compared: ok=1
517 entries compared: ok=1
Step 1700 of 10000
545 entries compared: ok=1
517 entries compared: ok=1
545 entries compared: ok=1
Step 1800 of 10000
579 entries compared: ok=1
545 entries compared: ok=1
579 entries compared: ok=1
Step 1900 of 10000
613 entries compared: ok=1
579 entries compared: ok=1
613 entries compared: ok=1
Step 2000 of 10000
645 entries compared: ok=1
613 entries compared: ok=1
645 entries compared: ok=1
Step 2100 of 10000
672 entries compared: ok=1
645 entries compared: ok=1
672 entries compared: ok=1
Step 2200 of 10000
693 entries compared: ok=1
672 entries compared: ok=1
693 entries compared: ok=1
Step 2300 of 10000
719 entries compared: ok=1
693 entries compared: ok=1
719 entries compared: ok=1
Step 2400 of 10000
743 entries compared: ok=1
719 entries compared: ok=1
743 entries compared: ok=1
Step 2500 of 10000
772 entries compared: ok=1
743 entries compared: ok=1
772 entries compared: ok=1
Step 2600 of 10000
805 entries compared: ok=1
772 entries compared: ok=1
805 entries compared: ok=1
Step 2700 of 10000
837 entries compared: ok=1
805 entries compared: ok=1
837 entries compared: ok=1
Step 2800 of 10000
856 entries compared: ok=1
837 entries compared: ok=1
856 entries compared: ok=1
Step 2900 of 10000
878 entries compared: ok=1
856 entries compared: ok=1
878 entries compared: ok=1
Step 3000 of 10000
916 entries compared: ok=1
878 entries compared: ok=1
916 entries compared: ok=1
Step 3100 of 10000
943 entries compared: ok=1
916 entries compared: ok=1
943 entries compared: ok=1
Step 3200 of 10000
965 entries compared: ok=1
943 entries compared: ok=1
965 entries compared: ok=1
Step 3300 of 10000
994 entries compared: ok=1
965 entries compared: ok=1
994 entries compared: ok=1
Step 3400 of 10000
1017 entries compared: ok=1
994 entries compared: ok=1
1017 entries compared: ok=1
Step 3500 of 10000
1038 entries compared: ok=1
1017 entries compared: ok=1
1038 entries compared: ok=1
Step 3600 of 10000
1074 entries compared: ok=1
1038 entries compared: ok=1
1074 entries compared: ok=1
Step 3700 of 10000
1095 entries compared: ok=1
1074 entries compared: ok=1
1095 entries compared: ok=1
Step 3800 of 10000
1121 entries compared: ok=1
1095 entries compared: ok=1
1121 entries compared: ok=1
Step 3900 of 10000
1143 entries compared: ok=1
1121 entries compared: ok=1
1143 entries compared: ok=1
Step 4000 of 10000
1171 entries compared: ok=1
1143 entries compared: ok=1
1171 entries compared: ok=1
Step 4100 of 10000
1200 entries compared: ok=1
1171 entries compared: ok=1
1200 entries compared: ok=1
Step 4200 of 10000
1232 entries compared: ok=1
1200 entries compared: ok=1
1232 entries compared: ok=1
Step 4300 of 10000
1259 entries compared: ok=1
1232 entries compared: ok=1
1259 entries compared: ok=1
Step 4400 of 10000
1279 entries compared: ok=1
1259 entries compared: ok=1
1279 entries compared: ok=1
Step 4500 of 10000
1300 entries compared: ok=1
1279 entries compared: ok=1
1300 entries compared: ok=1
Step 4600 of 10000
1335 entries compared: ok=1
1300 entries compared: ok=1
1335 entries compared: ok=1
Step 4700 of 10000
1366 entries compared: ok=1
1335 entries compared: ok=1
1366 entries compared: ok=1
Step 4800 of 10000
1399 entries compared: ok=1
1366 entries compared: ok=1
1399 entries compared: ok=1
Step 4900 of 10000
1419 entries compared: ok=1
1399 entries compared: ok=1
1419 entries compared: ok=1
Step 5000 of 10000
1449 entries compared: ok=1
1419 entries compared: ok=1
1449 entries compared: ok=1
Step 5100 of 10000
1474 entries compared: ok=1
1449 entries compared: ok=1
1474 entries compared: ok=1
Step 5200 of 10000
1514 entries compared: ok=1
1474 entries compared: ok=1
1514 entries compared: ok=1
Step 5300 of 10000
1548 entries compared: ok=1
1514 entries compared: ok=1
1548 entries compared: ok=1
Step 5400 of 10000
1579 entries compared: ok=1
1548 entries compared: ok=1
1579 entries compared: ok=1
Step 5500 of 10000
1591 entries compared: ok=1
1579 entries compared: ok=1
1591 entries compared: ok=1
Step 5600 of 10000
1615 entries compared: ok=1
1591 entries compared: ok=1
1615 entries compared: ok=1
Step 5700 of 10000
1636 entries compared: ok=1
1615 entries compared: ok=1
1636 entries compared: ok=1
Step 5800 of 10000
1665 entries compared: ok=1
1636 entries compared: ok=1
1665 entries compared: ok=1
Step 5900 of 10000
1691 entries compared: ok=1
1665 entries compared: ok=1
1691 entries compared: ok=1
Step 6000 of 10000
1719 entries compared: ok=1
1691 entries compared: ok=1
1719 entries compared: ok=1
Step 6100 of 10000
1747 entries compared: ok=1
1719 entries compared: ok=1
1747 entries compared: ok=1
Step 6200 of 10000
1782 entries compared: ok=1
1747 entries compared: ok=1
1782 entries compared: ok=1
Step 6300 of 10000
1802 entries compared: ok=1
1782 entries compared: ok=1
1802 entries compared: ok=1
Step 6400 of 10000
1826 entries compared: ok=1
1802 entries compared: ok=1
1826 entries compared: ok=1
Step 6500 of 10000
1849 entries compared: ok=1
1826 entries compared: ok=1
1849 entries compared: ok=1
Step 6600 of 10000
1868 entries compared: ok=1
1849 entries compared: ok=1
1868 entries compared: ok=1
Step 6700 of 10000
1889 entries compared: ok=1
1868 entries compared: ok=1
1889 entries compared: ok=1
Step 6800 of 10000
1916 entries compared: ok=1
1889 entries compared: ok=1
1916 entries compared: ok=1
Step 6900 of 10000
1948 entries compared: ok=1
1916 entries compared: ok=1
1948 entries compared: ok=1
Step 7000 of 10000
1964 entries compared: ok=1
1948 entries compared: ok=1
1964 entries compared: ok=1
Step 7100 of 10000
1990 entries compared: ok=1
1964 entries compared: ok=1
1990 entries compared: ok=1
Step 7200 of 10000
2024 entries compared: ok=1
1990 entries compared: ok=1
2024 entries compared: ok=1
Step 7300 of 10000
2048 entries compared: ok=1
2024 entries compared: ok=1
2048 entries compared: ok=1
Step 7400 of 10000
2068 entries compared: ok=1
2048 entries compared: ok=1
2068 entries compared: ok=1
Step 7500 of 10000
2086 entries compared: ok=1
2068 entries compared: ok=1
2086 entries compared: ok=1
Step 7600 of 10000
2107 entries compared: ok=1
2086 entries compared: ok=1
2107 entries compared: ok=1
Step 7700 of 10000
2129 entries compared: ok=1
2107 entries compared: ok=1
2129 entries compared: ok=1
Step 7800 of 10000
2155 entries compared: ok=1
2129 entries compared: ok=1
2155 entries compared: ok=1
Step 7900 of 10000
2174 entries compared: ok=1
2155 entries compared: ok=1
2174 entries compared: ok=1
Step 8000 of 10000
2203 entries compared: ok=1
2174 entries compared: ok=1
2203 entries compared: ok=1
Step 8100 of 10000
2227 entries compared: ok=1
2203 entries compared: ok=1
2227 entries compared: ok=1
Step 8200 of 10000
2253 entries compared: ok=1
2227 entries compared: ok=1
2253 entries compared: ok=1
Step 8300 of 10000
2276 entries compared: ok=1
2253 entries compared: ok=1
2276 entries compared: ok=1
Step 8400 of 10000
2304 entries compared: ok=1
2276 entries compared: ok=1
2304 entries compared: ok=1
Step 8500 of 10000
2325 entries compared: ok=1
2304 entries compared: ok=1
2325 entries compared: ok=1
Step 8600 of 10000
2356 entries compared: ok=1
2325 entries compared: ok=1
2356 entries compared: ok=1
Step 8700 of 10000
2391 entries compared: ok=1
2356 entries compared: ok=1
2391 entries compared: ok=1
Step 8800 of 10000
2409 entries compared: ok=1
2391 entries compared: ok=1
2409 entries compared: ok=1
Step 8900 of 10000
2437 entries compared: ok=1
2409 entries compared: ok=1
2437 entries compared: ok=1
Step 9000 of 10000
2468 entries compared: ok=1
2437 entries compared: ok=1
2468 entries compared: ok=1
Step 9100 of 10000
2482 entries compared: ok=1
2468 entries compared: ok=1
2482 entries compared: ok=1
Step 9200 of 10000
2505 entries compared: ok=1
2482 entries compared: ok=1
2505 entries compared: ok=1
Step 9300 of 10000
2539 entries compared: ok=1
2505 entries compared: ok=1
2539 entries compared: ok=1
Step 9400 of 10000
2560 entries compared: ok=1
2539 entries compared: ok=1
2560 entries compared: ok=1
Step 9500 of 10000
2587 entries compared: ok=1
2560 entries compared: ok=1
2587 entries compared: ok=1
Step 9600 of 10000
2610 entries compared: ok=1
2587 entries compared: ok=1
2610 entries compared: ok=1
Step 9700 of 10000
2632 entries compared: ok=1
2610 entries compared: ok=1
2632 entries compared: ok=1
Step 9800 of 10000
2655 entries compared: ok=1
2632 entries compared: ok=1
2655 entries compared: ok=1
Step 9900 of 10000
2685 entries compared: ok=1
2655 entries compared: ok=1
2685 entries compared: ok=1
Step 0 of 10000
0 entries compared: ok=1
0 entries compared: ok=1
0 entries compared: ok=1
Step 100 of 10000
31 entries compared: ok=1
0 entries compared: ok=1
31 entries compared: ok=1
Step 200 of 10000
64 entries compared: ok=1
31 entries compared: ok=1
64 entries compared: ok=1
Step 300 of 10000
99 entries compared: ok=1
64 entries compared: ok=1
99 entries compared: ok=1
Step 400 of 10000
136 entries compared: ok=1
99 entries compared: ok=1
136 entries compared: ok=1
Step 500 of 10000
162 entries compared: ok=1
136 entries compared: ok=1
162 entries compared: ok=1
Step 600 of 10000
189 entries compared: ok=1
162 entries compared: ok=1
189 entries compared: ok=1
Step 700 of 10000
224 entries compared: ok=1
189 entries compared: ok=1
224 entries compared: ok=1
Step 800 of 10000
241 entries compared: ok=1
224 entries compared: ok=1
241 entries compared: ok=1
Step 900 of 10000
269 entries compared: ok=1
241 entries compared: ok=1
269 entries compared: ok=1
Step 1000 of 10000
292 entries compared: ok=1
269 entries compared: ok=1
292 entries compared: ok=1
Step 1100 of 10000
309 entries compared: ok=1
292 entries compared: ok=1
309 entries compared: ok=1
Step 1200 of 10000
331 entries compared: ok=1
309 entries compared: ok=1
331 entries compared: ok=1
Step 1300 of 10000
360 entries compared: ok=1
331 entries compared: ok=1
360 entries compared: ok=1
Step 1400 of 10000
382 entries compared: ok=1
360 entries compared: ok=1
382 entries compared: ok=1
Step 1500 of 10000
412 entries compared: ok=1
382 entries compared: ok=1
412 entries compared: ok=1
Step 1600 of 10000
435 entries compared: ok=1
412 entries compared: ok=1
435 entries compared: ok=1
Step 1700 of 10000
465 entries compared: ok=1
435 entries compared: ok=1
465 entries compared: ok=1
Step 1800 of 10000
486 entries compared: ok=1
465 entries compared: ok=1
486 entries compared: ok=1
Step 1900 of 10000
521 entries compared: ok=1
486 entries compared: ok=1
521 entries compared: ok=1
Step 2000 of 10000
550 entries compared: ok=1
521 entries compared: ok=1
550 entries compared: ok=1
Step 2100 of 10000
582 entries compared: ok=1
550 entries compared: ok=1
582 entries compared: ok=1
Step 2200 of 10000
616 entries compared: ok=1
582 entries compared: ok=1
616 entries compared: ok=1
Step 2300 of 10000
654 entries compared: ok=1
616 entries compared: ok=1
654 entries compared: ok=1
Step 2400 of 10000
685 entries compared: ok=1
654 entries compared: ok=1
685 entries compared: ok=1
Step 2500 of 10000
704 entries compared: ok=1
685 entries compared: ok=1
704 entries compared: ok=1
Step 2600 of 10000
737 entries compared: ok=1
704 entries compared: ok=1
737 entries compared: ok=1
Step 2700 of 10000
768 entries compared: ok=1
737 entries compared: ok=1
768 entries compared: ok=1
Step 2800 of 10000
797 entries compared: ok=1
768 entries compared: ok=1
797 entries compared: ok=1
Step 2900 of 10000
824 entries compared: ok=1
797 entries compared: ok=1
824 entries compared: ok=1
Step 3000 of 10000
854 entries compared: ok=1
824 entries compared: ok=1
854 entries compared: ok=1
Step 3100 of 10000
878 entries compared: ok=1
854 entries compared: ok=1
878 entries compared: ok=1
Step 3200 of 10000
898 entries compared: ok=1
878 entries compared: ok=1
898 entries compared: ok=1
Step 3300 of 10000
932 entries compared: ok=1
898 entries compared: ok=1
932 entries compared: ok=1
Step 3400 of 10000
956 entries compared: ok=1
932 entries compared: ok=1
956 entries compared: ok=1
Step 3500 of 10000
986 entries compared: ok=1
956 entries compared: ok=1
986 entries compared: ok=1
Step 3600 of 10000
1017 entries compared: ok=1
986 entries compared: ok=1
1017 entries compared: ok=1
Step 3700 of 10000
1045 entries compared: ok=1
1017 entries compared: ok=1
1045 entries compared: ok=1
Step 3800 of 10000
1068 entries compared: ok=1
1045 entries compared: ok=1
1068 entries compared: ok=1
Step 3900 of 10000
1094 entries compared: ok=1
1068 entries compared: ok=1
1094 entries compared: ok=1
Step 4000 of 10000
1131 entries compared: ok=1
1094 entries compared: ok=1
1131 entries compared: ok=1
Step 4100 of 10000
1168 entries compared: ok=1
1131 entries compared: ok=1
1168 entries compared: ok=1
Step 4200 of 10000
1194 entries compared: ok=1
1168 entries compared: ok=1
1194 entries compared: ok=1
Step 4300 of 10000
1228 entries compared: ok=1
1194 entries compared: ok=1
1228 entries compared: ok=1
Step 4400 of 10000
1252 entries compared: ok=1
1228 entries compared: ok=1
1252 entries compared: ok=1
Step 4500 of 10000
1277 entries compared: ok=1
1252 entries compared: ok=1
1277 entries compared: ok=1
Step 4600 of 10000
1316 entries compared: ok=1
1277 entries compared: ok=1
1316 entries compared: ok=1
Step 4700 of 10000
1338 entries compared: ok=1
1316 entries compared: ok=1
1338 entries compared: ok=1
Step 4800 of 10000
1360 entries compared: ok=1
1338 entries compared: ok=1
1360 entries compared: ok=1
Step 4900 of 10000
1392 entries compared: ok=1
1360 entries compared: ok=1
1392 entries compared: ok=1
Step 5000 of 10000
1419 entries compared: ok=1
1392 entries compared: ok=1
1419 entries compared: ok=1
Step 5100 of 10000
1444 entries compared: ok=1
1419 entries compared: ok=1
1444 entries compared: ok=1
Step 5200 of 10000
1472 entries compared: ok=1
1444 entries compared: ok=1
1472 entries compared: ok=1
Step 5300 of 10000
1491 entries compared: ok=1
1472 entries compared: ok=1
1491 entries compared: ok=1
Step 5400 of 10000
1519 entries compared: ok=1
1491 entries compared: ok=1
1519 entries compared: ok=1
Step 5500 of 10000
1537 entries compared: ok=1
1519 entries compared: ok=1
1537 entries compared: ok=1
Step 5600 of 10000
1558 entries compared: ok=1
1537 entries compared: ok=1
1558 entries compared: ok=1
Step 5700 of 10000
1594 entries compared: ok=1
1558 entries compared: ok=1
1594 entries compared: ok=1
Step 5800 of 10000
1619 entries compared: ok=1
1594 entries compared: ok=1
1619 entries compared: ok=1
Step 5900 of 10000
1646 entries compared: ok=1
1619 entries compared: ok=1
1646 entries compared: ok=1
Step 6000 of 10000
1680 entries compared: ok=1
1646 entries compared: ok=1
1680 entries compared: ok=1
Step 6100 of 10000
1697 entries compared: ok=1
1680 entries compared: ok=1
1697 entries compared: ok=1
Step 6200 of 10000
1715 entries compared: ok=1
1697 entries compared: ok=1
1715 entries compared: ok=1
Step 6300 of 10000
1750 entries compared: ok=1
1715 entries compared: ok=1
1750 entries compared: ok=1
Step 6400 of 10000
1776 entries compared: ok=1
1750 entries compared: ok=1
1776 entries compared: ok=1
Step 6500 of 10000
1804 entries compared: ok=1
1776 entries compared: ok=1
1804 entries compared: ok=1
Step 6600 of 10000
1837 entries compared: ok=1
1804 entries compared: ok=1
1837 entries compared: ok=1
Step 6700 of 10000
1859 entries compared: ok=1
1837 entries compared: ok=1
1859 entries compared: ok=1
Step 6800 of 10000
1888 entries compared: ok=1
1859 entries compared: ok=1
1888 entries compared: ok=1
Step 6900 of 10000
1911 entries compared: ok=1
1888 entries compared: ok=1
1911 entries compared: ok=1
Step 7000 of 10000
1941 entries compared: ok=1
1911 entries compared: ok=1
1941 entries compared: ok=1
Step 7100 of 10000
1979 entries compared: ok=1
1941 entries compared: ok=1
1979 entries compared: ok=1
Step 7200 of 10000
2007 entries compared: ok=1
1979 entries compared: ok=1
2007 entries compared: ok=1
Step 7300 of 10000
2039 entries compared: ok=1
2007 entries compared: ok=1
2039 entries compared: ok=1
Step 7400 of 10000
2071 entries compared: ok=1
2039 entries compared: ok=1
2071 entries compared: ok=1
Step 7500 of 10000
2091 entries compared: ok=1
2071 entries compared: ok=1
2091 entries compared: ok=1
Step 7600 of 10000
2112 entries compared: ok=1
2091 entries compared: ok=1
2112 entries compared: ok=1
Step 7700 of 10000
2135 entries compared: ok=1
2112 entries compared: ok=1
2135 entries compared: ok=1
Step 7800 of 10000
2161 entries compared: ok=1
2135 entries compared: ok=1
2161 entries compared: ok=1
Step 7900 of 10000
2176 entries compared: ok=1
2161 entries compared: ok=1
2176 entries compared: ok=1
Step 8000 of 10000
2205 entries compared: ok=1
2176 entries compared: ok=1
2205 entries compared: ok=1
Step 8100 of 10000
2225 entries compared: ok=1
2205 entries compared: ok=1
2225 entries compared: ok=1
Step 8200 of 10000
2250 entries compared: ok=1
2225 entries compared: ok=1
2250 entries compared: ok=1
Step 8300 of 10000
2278 entries compared: ok=1
2250 entries compared: ok=1
2278 entries compared: ok=1
Step 8400 of 10000
2301 entries compared: ok=1
2278 entries compared: ok=1
2301 entries compared: ok=1
Step 8500 of 10000
2331 entries compared: ok=1
2301 entries compared: ok=1
2331 entries compared: ok=1
Step 8600 of 10000
2361 entries compared: ok=1
2331 entries compared: ok=1
2361 entries compared: ok=1
Step 8700 of 10000
2396 entries compared: ok=1
2361 entries compared: ok=1
2396 entries compared: ok=1
Step 8800 of 10000
2423 entries compared: ok=1
2396 entries compared: ok=1
2423 entries compared: ok=1
Step 8900 of 10000
2447 entries compared: ok=1
2423 entries compared: ok=1
2447 entries compared: ok=1
Step 9000 of 10000
2468 entries compared: ok=1
2447 entries compared: ok=1
2468 entries compared: ok=1
Step 9100 of 10000
2492 entries compared: ok=1
2468 entries compared: ok=1
2492 entries compared: ok=1
Step 9200 of 10000
2511 entries compared: ok=1
2492 entries compared: ok=1
2511 entries compared: ok=1
Step 9300 of 10000
2559 entries compared: ok=1
2511 entries compared: ok=1
2559 entries compared: ok=1
Step 9400 of 10000
2575 entries compared: ok=1
2559 entries compared: ok=1
2575 entries compared: ok=1
Step 9500 of 10000
2606 entries compared: ok=1
2575 entries compared: ok=1
2606 entries compared: ok=1
Step 9600 of 10000
2628 entries compared: ok=1
2606 entries compared: ok=1
2628 entries compared: ok=1
Step 9700 of 10000
2658 entries compared: ok=1
2628 entries compared: ok=1
2658 entries compared: ok=1
Step 9800 of 10000
2684 entries compared: ok=1
2658 entries compared: ok=1
2684 entries compared: ok=1
Step 9900 of 10000
2717 entries compared: ok=1
2684 entries compared: ok=1
2717 entries compared: ok=1
Step 0 of 10000
1 entries compared: ok=1
1 entries compared: ok=1
1 entries compared: ok=1
Step 100 of 10000
33 entries compared: ok=1
1 entries compared: ok=1
33 entries compared: ok=1
Step 200 of 10000
68 entries compared: ok=1
33 entries compared: ok=1
68 entries compared: ok=1
Step 300 of 10000
96 entries compared: ok=1
68 entries compared: ok=1
96 entries compared: ok=1
Step 400 of 10000
133 entries compared: ok=1
96 entries compared: ok=1
133 entries compared: ok=1
Step 500 of 10000
171 entries compared: ok=1
133 entries compared: ok=1
171 entries compared: ok=1
Step 600 of 10000
211 entries compared: ok=1
171 entries compared: ok=1
211 entries compared: ok=1
Step 700 of 10000
239 entries compared: ok=1
211 entries compared: ok=1
239 entries compared: ok=1
Step 800 of 10000
267 entries compared: ok=1
239 entries compared: ok=1
267 entries compared: ok=1
Step 900 of 10000
301 entries compared: ok=1
267 entries compared: ok=1
301 entries compared: ok=1
Step 1000 of 10000
344 entries compared: ok=1
301 entries compared: ok=1
344 entries compared: ok=1
Step 1100 of 10000
367 entries compared: ok=1
344 entries compared: ok=1
367 entries compared: ok=1
Step 1200 of 10000
399 entries compared: ok=1
367 entries compared: ok=1
399 entries compared: ok=1
Step 1300 of 10000
424 entries compared: ok=1
399 entries compared: ok=1
424 entries compared: ok=1
Step 1400 of 10000
444 entries compared: ok=1
424 entries compared: ok=1
444 entries compared: ok=1
Step 1500 of 10000
478 entries compared: ok=1
444 entries compared: ok=1
478 entries compared: ok=1
Step 1600 of 10000
505 entries compared: ok=1
478 entries compared: ok=1
505 entries compared: ok=1
Step 1700 of 10000
536 entries compared: ok=1
505 entries compared: ok=1
536 entries compared: ok=1
Step 1800 of 10000
557 entries compared: ok=1
536 entries compared: ok=1
557 entries compared: ok=1
Step 1900 of 10000
588 entries compared: ok=1
557 entries compared: ok=1
588 entries compared: ok=1
Step 2000 of 10000
620 entries compared: ok=1
588 entries compared: ok=1
620 entries compared: ok=1
Step 2100 of 10000
652 entries compared: ok=1
620 entries compared: ok=1
652 entries compared: ok=1
Step 2200 of 10000
689 entries compared: ok=1
652 entries compared: ok=1
689 entries compared: ok=1
Step 2300 of 10000
709 entries compared: ok=1
689 entries compared: ok=1
709 entries compared: ok=1
Step 2400 of 10000
747 entries compared: ok=1
709 entries compared: ok=1
747 entries compared: ok=1
Step 2500 of 10000
777 entries compared: ok=1
747 entries compared: ok=1
777 entries compared: ok=1
Step 2600 of 10000
801 entries compared: ok=1
777 entries compared: ok=1
801 entries compared: ok=1
Step 2700 of 10000
839 entries compared: ok=1
801 entries compared: ok=1
839 entries compared: ok=1
Step 2800 of 10000
865 entries compared: ok=1
839 entries compared: ok=1
865 entries compared: ok=1
Step 2900 of 10000
894 entries compared: ok=1
865 entries compared: ok=1
894 entries compared: ok=1
Step 3000 of 10000
926 entries compared: ok=1
894 entries compared: ok=1
926 entries compared: ok=1
Step 3100 of 10000
957 entries compared: ok=1
926 entries compared: ok=1
957 entries compared: ok=1
Step 3200 of 10000
989 entries compared: ok=1
957 entries compared: ok=1
989 entries compared: ok=1
Step 3300 of 10000
1023 entries compared: ok=1
989 entries compared: ok=1
1023 entries compared: ok=1
Step 3400 of 10000
1053 entries compared: ok=1
1023 entries compared: ok=1
1053 entries compared: ok=1
Step 3500 of 10000
1076 entries compared: ok=1
1053 entries compared: ok=1
1076 entries compared: ok=1
Step 3600 of 10000
1107 entries compared: ok=1
1076 entries compared: ok=1
1107 entries compared: ok=1
Step 3700 of 10000
1133 entries compared: ok=1
1107 entries compared: ok=1
1133 entries compared: ok=1
Step 3800 of 10000
1164 entries compared: ok=1
1133 entries compared: ok=1
1164 entries compared: ok=1
Step 3900 of 10000
1186 entries compared: ok=1
1164 entries compared: ok=1
1186 entries compared: ok=1
Step 4000 of 10000
1216 entries compared: ok=1
1186 entries compared: ok=1
1216 entries compared: ok=1
Step 4100 of 10000
1246 entries compared: ok=1
1216 entries compared: ok=1
1246 entries compared: ok=1
Step 4200 of 10000
1280 entries compared: ok=1
1246 entries compared: ok=1
1280 entries compared: ok=1
Step 4300 of 10000
1298 entries compared: ok=1
1280 entries compared: ok=1
1298 entries compared: ok=1
Step 4400 of 10000
1332 entries compared: ok=1
1298 entries compared: ok=1
1332 entries compared: ok=1
Step 4500 of 10000
1356 entries compared: ok=1
1332 entries compared: ok=1
1356 entries compared: ok=1
Step 4600 of 10000
1376 entries compared: ok=1
1356 entries compared: ok=1
1376 entries compared: ok=1
Step 4700 of 10000
1401 entries compared: ok=1
1376 entries compared: ok=1
1401 entries compared: ok=1
Step 4800 of 10000
1433 entries compared: ok=1
1401 entries compared: ok=1
1433 entries compared: ok=1
Step 4900 of 10000
1452 entries compared: ok=1
1433 entries compared: ok=1
1452 entries compared: ok=1
Step 5000 of 10000
1472 entries compared: ok=1
1452 entries compared: ok=1
1472 entries compared: ok=1
Step 5100 of 10000
1499 entries compared: ok=1
1472 entries compared: ok=1
1499 entries compared: ok=1
Step 5200 of 10000
1528 entries compared: ok=1
1499 entries compared: ok=1
1528 entries compared: ok=1
Step 5300 of 10000
1554 entries compared: ok=1
1528 entries compared: ok=1
1554 entries compared: ok=1
Step 5400 of 10000
1584 entries compared: ok=1
1554 entries compared: ok=1
1584 entries compared: ok=1
Step 5500 of 10000
1608 entries compared: ok=1
1584 entries compared: ok=1
1608 entries compared: ok=1
Step 5600 of 10000
1634 entries compared: ok=1
1608 entries compared: ok=1
1634 entries compared: ok=1
Step 5700 of 10000
1669 entries compared: ok=1
1634 entries compared: ok=1
1669 entries compared: ok=1
Step 5800 of 10000
1694 entries compared: ok=1
1669 entries compared: ok=1
1694 entries compared: ok=1
Step 5900 of 10000
1722 entries compared: ok=1
1694 entries compared: ok=1
1722 entries compared: ok=1
Step 6000 of 10000
1753 entries compared: ok=1
1722 entries compared: ok=1
1753 entries compared: ok=1
Step 6100 of 10000
1779 entries compared: ok=1
1753 entries compared: ok=1
1779 entries compared: ok=1
Step 6200 of 10000
1805 entries compared: ok=1
1779 entries compared: ok=1
1805 entries compared: ok=1
Step 6300 of 10000
1843 entries compared: ok=1
1805 entries compared: ok=1
1843 entries compared: ok=1
Step 6400 of 10000
1863 entries compared: ok=1
1843 entries compared: ok=1
1863 entries compared: ok=1
Step 6500 of 10000
1887 entries compared: ok=1
1863 entries compared: ok=1
1887 entries compared: ok=1
Step 6600 of 10000
1917 entries compared: ok=1
1887 entries compared: ok=1
1917 entries compared: ok=1
Step 6700 of 10000
1943 entries compared: ok=1
1917 entries compared: ok=1
1943 entries compared: ok=1
Step 6800 of 10000
1973 entries compared: ok=1
1943 entries compared: ok=1
1973 entries compared: ok=1
Step 6900 of 10000
2000 entries compared: ok=1
1973 entries compared: ok=1
2000 entries compared: ok=1
Step 7000 of 10000
2022 entries compared: ok=1
2000 entries compared: ok=1
2022 entries compared: ok=1
Step 7100 of 10000
2052 entries compared: ok=1
2022 entries compared: ok=1
2052 entries compared: ok=1
Step 7200 of 10000
2073 entries compared: ok=1
2052 entries compared: ok=1
2073 entries compared: ok=1
Step 7300 of 10000
2093 entries compared: ok=1
2073 entries compared: ok=1
2093 entries compared: ok=1
Step 7400 of 10000
2122 entries compared: ok=1
2093 entries compared: ok=1
2122 entries compared: ok=1
Step 7500 of 10000
2153 entries compared: ok=1
2122 entries compared: ok=1
2153 entries compared: ok=1
Step 7600 of 10000
2187 entries compared: ok=1
2153 entries compared: ok=1
2187 entries compared: ok=1
Step 7700 of 10000
2211 entries compared: ok=1
2187 entries compared: ok=1
2211 entries compared: ok=1
Step 7800 of 10000
2234 entries compared: ok=1
2211 entries compared: ok=1
2234 entries compared: ok=1
Step 7900 of 10000
2261 entries compared: ok=1
2234 entries compared: ok=1
2261 entries compared: ok=1
Step 8000 of 10000
2286 entries compared: ok=1
2261 entries compared: ok=1
2286 entries compared: ok=1
Step 8100 of 10000
2315 entries compared: ok=1
2286 entries compared: ok=1
2315 entries compared: ok=1
Step 8200 of 10000
2341 entries compared: ok=1
2315 entries compared: ok=1
2341 entries compared: ok=1
Step 8300 of 10000
2371 entries compared: ok=1
2341 entries compared: ok=1
2371 entries compared: ok=1
Step 8400 of 10000
2403 entries compared: ok=1
2371 entries compared: ok=1
2403 entries compared: ok=1
Step 8500 of 10000
2429 entries compared: ok=1
2403 entries compared: ok=1
2429 entries compared: ok=1
Step 8600 of 10000
2462 entries compared: ok=1
2429 entries compared: ok=1
2462 entries compared: ok=1
Step 8700 of 10000
2484 entries compared: ok=1
2462 entries compared: ok=1
2484 entries compared: ok=1
Step 8800 of 10000
2507 entries compared: ok=1
2484 entries compared: ok=1
2507 entries compared: ok=1
Step 8900 of 10000
2526 entries compared: ok=1
2507 entries compared: ok=1
2526 entries compared: ok=1
Step 9000 of 10000
2550 entries compared: ok=1
2526 entries compared: ok=1
2550 entries compared: ok=1
Step 9100 of 10000
2568 entries compared: ok=1
2550 entries compared: ok=1
2568 entries compared: ok=1
Step 9200 of 10000
2596 entries compared: ok=1
2568 entries compared: ok=1
2596 entries compared: ok=1
Step 9300 of 10000
2618 entries compared: ok=1
2596 entries compared: ok=1
2618 entries compared: ok=1
Step 9400 of 10000
2640 entries compared: ok=1
2618 entries compared: ok=1
2640 entries compared: ok=1
Step 9500 of 10000
2666 entries compared: ok=1
2640 entries compared: ok=1
2666 entries compared: ok=1
Step 9600 of 10000
2694 entries compared: ok=1
2666 entries compared: ok=1
2694 entries compared: ok=1
Step 9700 of 10000
2720 entries compared: ok=1
2694 entries compared: ok=1
2720 entries compared: ok=1
Step 9800 of 10000
2751 entries compared: ok=1
2720 entries compared: ok=1
2751 entries compared: ok=1
Step 9900 of 10000
2778 entries compared: ok=1
2751 entries compared: ok=1
2778 entries compared: ok=1
[       OK ] DBTest.Randomized (19361 ms)
[----------] 56 tests from DBTest (96855 ms total)

[----------] Global test environment tear-down
[==========] 56 tests from 1 test suite ran. (96855 ms total)
[  PASSED  ] 56 tests.
<end of output>
Test time =  96.87 sec
----------------------------------------------------------
Test Passed.
"db_test" end time: Jan 22 11:53 CST
"db_test" time elapsed: 00:01:36
----------------------------------------------------------

13/31 Testing: dbformat_test
13/31 Test: dbformat_test
Command: "/Users/hcs/Documents/version-control/leveldb/build/dbformat_test"
Directory: /Users/hcs/Documents/version-control/leveldb/build
"dbformat_test" start time: Jan 22 11:53 CST
Output:
----------------------------------------------------------
[==========] Running 6 tests from 1 test suite.
[----------] Global test environment set-up.
[----------] 6 tests from FormatTest
[ RUN      ] FormatTest.InternalKey_EncodeDecode
[       OK ] FormatTest.InternalKey_EncodeDecode (0 ms)
[ RUN      ] FormatTest.InternalKey_DecodeFromEmpty
[       OK ] FormatTest.InternalKey_DecodeFromEmpty (0 ms)
[ RUN      ] FormatTest.InternalKeyShortSeparator
[       OK ] FormatTest.InternalKeyShortSeparator (1 ms)
[ RUN      ] FormatTest.InternalKeyShortestSuccessor
[       OK ] FormatTest.InternalKeyShortestSuccessor (0 ms)
[ RUN      ] FormatTest.ParsedInternalKeyDebugString
[       OK ] FormatTest.ParsedInternalKeyDebugString (0 ms)
[ RUN      ] FormatTest.InternalKeyDebugString
[       OK ] FormatTest.InternalKeyDebugString (0 ms)
[----------] 6 tests from FormatTest (1 ms total)

[----------] Global test environment tear-down
[==========] 6 tests from 1 test suite ran. (1 ms total)
[  PASSED  ] 6 tests.
<end of output>
Test time =   0.01 sec
----------------------------------------------------------
Test Passed.
"dbformat_test" end time: Jan 22 11:53 CST
"dbformat_test" time elapsed: 00:00:00
----------------------------------------------------------

14/31 Testing: filename_test
14/31 Test: filename_test
Command: "/Users/hcs/Documents/version-control/leveldb/build/filename_test"
Directory: /Users/hcs/Documents/version-control/leveldb/build
"filename_test" start time: Jan 22 11:53 CST
Output:
----------------------------------------------------------
[==========] Running 2 tests from 1 test suite.
[----------] Global test environment set-up.
[----------] 2 tests from FileNameTest
[ RUN      ] FileNameTest.Parse
[       OK ] FileNameTest.Parse (0 ms)
[ RUN      ] FileNameTest.Construction
[       OK ] FileNameTest.Construction (0 ms)
[----------] 2 tests from FileNameTest (0 ms total)

[----------] Global test environment tear-down
[==========] 2 tests from 1 test suite ran. (0 ms total)
[  PASSED  ] 2 tests.
<end of output>
Test time =   0.01 sec
----------------------------------------------------------
Test Passed.
"filename_test" end time: Jan 22 11:53 CST
"filename_test" time elapsed: 00:00:00
----------------------------------------------------------

15/31 Testing: log_test
15/31 Test: log_test
Command: "/Users/hcs/Documents/version-control/leveldb/build/log_test"
Directory: /Users/hcs/Documents/version-control/leveldb/build
"log_test" start time: Jan 22 11:53 CST
Output:
----------------------------------------------------------
[==========] Running 38 tests from 1 test suite.
[----------] Global test environment set-up.
[----------] 38 tests from LogTest
[ RUN      ] LogTest.Empty
[       OK ] LogTest.Empty (0 ms)
[ RUN      ] LogTest.ReadWrite
[       OK ] LogTest.ReadWrite (0 ms)
[ RUN      ] LogTest.ManyBlocks
[       OK ] LogTest.ManyBlocks (38 ms)
[ RUN      ] LogTest.Fragmentation
[       OK ] LogTest.Fragmentation (2 ms)
[ RUN      ] LogTest.MarginalTrailer
[       OK ] LogTest.MarginalTrailer (0 ms)
[ RUN      ] LogTest.MarginalTrailer2
[       OK ] LogTest.MarginalTrailer2 (0 ms)
[ RUN      ] LogTest.ShortTrailer
[       OK ] LogTest.ShortTrailer (0 ms)
[ RUN      ] LogTest.AlignedEof
[       OK ] LogTest.AlignedEof (1 ms)
[ RUN      ] LogTest.OpenForAppend
[       OK ] LogTest.OpenForAppend (0 ms)
[ RUN      ] LogTest.RandomRead
[       OK ] LogTest.RandomRead (28 ms)
[ RUN      ] LogTest.ReadError
[       OK ] LogTest.ReadError (0 ms)
[ RUN      ] LogTest.BadRecordType
[       OK ] LogTest.BadRecordType (0 ms)
[ RUN      ] LogTest.TruncatedTrailingRecordIsIgnored
[       OK ] LogTest.TruncatedTrailingRecordIsIgnored (0 ms)
[ RUN      ] LogTest.BadLength
[       OK ] LogTest.BadLength (0 ms)
[ RUN      ] LogTest.BadLengthAtEndIsIgnored
[       OK ] LogTest.BadLengthAtEndIsIgnored (0 ms)
[ RUN      ] LogTest.ChecksumMismatch
[       OK ] LogTest.ChecksumMismatch (0 ms)
[ RUN      ] LogTest.UnexpectedMiddleType
[       OK ] LogTest.UnexpectedMiddleType (0 ms)
[ RUN      ] LogTest.UnexpectedLastType
[       OK ] LogTest.UnexpectedLastType (0 ms)
[ RUN      ] LogTest.UnexpectedFullType
[       OK ] LogTest.UnexpectedFullType (0 ms)
[ RUN      ] LogTest.UnexpectedFirstType
[       OK ] LogTest.UnexpectedFirstType (1 ms)
[ RUN      ] LogTest.MissingLastIsIgnored
[       OK ] LogTest.MissingLastIsIgnored (0 ms)
[ RUN      ] LogTest.PartialLastIsIgnored
[       OK ] LogTest.PartialLastIsIgnored (0 ms)
[ RUN      ] LogTest.SkipIntoMultiRecord
[       OK ] LogTest.SkipIntoMultiRecord (0 ms)
[ RUN      ] LogTest.ErrorJoinsRecords
[       OK ] LogTest.ErrorJoinsRecords (0 ms)
[ RUN      ] LogTest.ReadStart
[       OK ] LogTest.ReadStart (1 ms)
[ RUN      ] LogTest.ReadSecondOneOff
[       OK ] LogTest.ReadSecondOneOff (0 ms)
[ RUN      ] LogTest.ReadSecondTenThousand
[       OK ] LogTest.ReadSecondTenThousand (0 ms)
[ RUN      ] LogTest.ReadSecondStart
[       OK ] LogTest.ReadSecondStart (0 ms)
[ RUN      ] LogTest.ReadThirdOneOff
[       OK ] LogTest.ReadThirdOneOff (0 ms)
[ RUN      ] LogTest.ReadThirdStart
[       OK ] LogTest.ReadThirdStart (0 ms)
[ RUN      ] LogTest.ReadFourthOneOff
[       OK ] LogTest.ReadFourthOneOff (0 ms)
[ RUN      ] LogTest.ReadFourthFirstBlockTrailer
[       OK ] LogTest.ReadFourthFirstBlockTrailer (0 ms)
[ RUN      ] LogTest.ReadFourthMiddleBlock
[       OK ] LogTest.ReadFourthMiddleBlock (0 ms)
[ RUN      ] LogTest.ReadFourthLastBlock
[       OK ] LogTest.ReadFourthLastBlock (1 ms)
[ RUN      ] LogTest.ReadFourthStart
[       OK ] LogTest.ReadFourthStart (0 ms)
[ RUN      ] LogTest.ReadInitialOffsetIntoBlockPadding
[       OK ] LogTest.ReadInitialOffsetIntoBlockPadding (0 ms)
[ RUN      ] LogTest.ReadEnd
[       OK ] LogTest.ReadEnd (0 ms)
[ RUN      ] LogTest.ReadPastEnd
[       OK ] LogTest.ReadPastEnd (0 ms)
[----------] 38 tests from LogTest (73 ms total)

[----------] Global test environment tear-down
[==========] 38 tests from 1 test suite ran. (73 ms total)
[  PASSED  ] 38 tests.
<end of output>
Test time =   0.08 sec
----------------------------------------------------------
Test Passed.
"log_test" end time: Jan 22 11:53 CST
"log_test" time elapsed: 00:00:00
----------------------------------------------------------

16/31 Testing: recovery_test
16/31 Test: recovery_test
Command: "/Users/hcs/Documents/version-control/leveldb/build/recovery_test"
Directory: /Users/hcs/Documents/version-control/leveldb/build
"recovery_test" start time: Jan 22 11:53 CST
Output:
----------------------------------------------------------
[==========] Running 7 tests from 1 test suite.
[----------] Global test environment set-up.
[----------] 7 tests from RecoveryTest
[ RUN      ] RecoveryTest.ManifestReused
[       OK ] RecoveryTest.ManifestReused (14 ms)
[ RUN      ] RecoveryTest.LargeManifestCompacted
[       OK ] RecoveryTest.LargeManifestCompacted (54 ms)
[ RUN      ] RecoveryTest.NoLogFiles
[       OK ] RecoveryTest.NoLogFiles (18 ms)
[ RUN      ] RecoveryTest.LogFileReuse
[       OK ] RecoveryTest.LogFileReuse (56 ms)
[ RUN      ] RecoveryTest.MultipleMemTables
[       OK ] RecoveryTest.MultipleMemTables (84 ms)
[ RUN      ] RecoveryTest.MultipleLogFiles
[       OK ] RecoveryTest.MultipleLogFiles (77 ms)
[ RUN      ] RecoveryTest.ManifestMissing
[       OK ] RecoveryTest.ManifestMissing (14 ms)
[----------] 7 tests from RecoveryTest (317 ms total)

[----------] Global test environment tear-down
[==========] 7 tests from 1 test suite ran. (317 ms total)
[  PASSED  ] 7 tests.
<end of output>
Test time =   0.33 sec
----------------------------------------------------------
Test Passed.
"recovery_test" end time: Jan 22 11:53 CST
"recovery_test" time elapsed: 00:00:00
----------------------------------------------------------

17/31 Testing: skiplist_test
17/31 Test: skiplist_test
Command: "/Users/hcs/Documents/version-control/leveldb/build/skiplist_test"
Directory: /Users/hcs/Documents/version-control/leveldb/build
"skiplist_test" start time: Jan 22 11:53 CST
Output:
----------------------------------------------------------
[==========] Running 8 tests from 1 test suite.
[----------] Global test environment set-up.
[----------] 8 tests from SkipTest
[ RUN      ] SkipTest.Empty
[       OK ] SkipTest.Empty (0 ms)
[ RUN      ] SkipTest.InsertAndLookup
[       OK ] SkipTest.InsertAndLookup (2 ms)
[ RUN      ] SkipTest.ConcurrentWithoutThreads
[       OK ] SkipTest.ConcurrentWithoutThreads (7 ms)
[ RUN      ] SkipTest.Concurrent1
Run 0 of 1000
Run 100 of 1000
Run 200 of 1000
Run 300 of 1000
Run 400 of 1000
Run 500 of 1000
Run 600 of 1000
Run 700 of 1000
Run 800 of 1000
Run 900 of 1000
[       OK ] SkipTest.Concurrent1 (107 ms)
[ RUN      ] SkipTest.Concurrent2
Run 0 of 1000
Run 100 of 1000
Run 200 of 1000
Run 300 of 1000
Run 400 of 1000
Run 500 of 1000
Run 600 of 1000
Run 700 of 1000
Run 800 of 1000
Run 900 of 1000
[       OK ] SkipTest.Concurrent2 (100 ms)
[ RUN      ] SkipTest.Concurrent3
Run 0 of 1000
Run 100 of 1000
Run 200 of 1000
Run 300 of 1000
Run 400 of 1000
Run 500 of 1000
Run 600 of 1000
Run 700 of 1000
Run 800 of 1000
Run 900 of 1000
[       OK ] SkipTest.Concurrent3 (107 ms)
[ RUN      ] SkipTest.Concurrent4
Run 0 of 1000
Run 100 of 1000
Run 200 of 1000
Run 300 of 1000
Run 400 of 1000
Run 500 of 1000
Run 600 of 1000
Run 700 of 1000
Run 800 of 1000
Run 900 of 1000
[       OK ] SkipTest.Concurrent4 (103 ms)
[ RUN      ] SkipTest.Concurrent5
Run 0 of 1000
Run 100 of 1000
Run 200 of 1000
Run 300 of 1000
Run 400 of 1000
Run 500 of 1000
Run 600 of 1000
Run 700 of 1000
Run 800 of 1000
Run 900 of 1000
[       OK ] SkipTest.Concurrent5 (98 ms)
[----------] 8 tests from SkipTest (524 ms total)

[----------] Global test environment tear-down
[==========] 8 tests from 1 test suite ran. (524 ms total)
[  PASSED  ] 8 tests.
<end of output>
Test time =   0.53 sec
----------------------------------------------------------
Test Passed.
"skiplist_test" end time: Jan 22 11:53 CST
"skiplist_test" time elapsed: 00:00:00
----------------------------------------------------------

18/31 Testing: version_edit_test
18/31 Test: version_edit_test
Command: "/Users/hcs/Documents/version-control/leveldb/build/version_edit_test"
Directory: /Users/hcs/Documents/version-control/leveldb/build
"version_edit_test" start time: Jan 22 11:53 CST
Output:
----------------------------------------------------------
[==========] Running 1 test from 1 test suite.
[----------] Global test environment set-up.
[----------] 1 test from VersionEditTest
[ RUN      ] VersionEditTest.EncodeDecode
[       OK ] VersionEditTest.EncodeDecode (0 ms)
[----------] 1 test from VersionEditTest (0 ms total)

[----------] Global test environment tear-down
[==========] 1 test from 1 test suite ran. (0 ms total)
[  PASSED  ] 1 test.
<end of output>
Test time =   0.01 sec
----------------------------------------------------------
Test Passed.
"version_edit_test" end time: Jan 22 11:53 CST
"version_edit_test" time elapsed: 00:00:00
----------------------------------------------------------

19/31 Testing: version_set_test
19/31 Test: version_set_test
Command: "/Users/hcs/Documents/version-control/leveldb/build/version_set_test"
Directory: /Users/hcs/Documents/version-control/leveldb/build
"version_set_test" start time: Jan 22 11:53 CST
Output:
----------------------------------------------------------
[==========] Running 13 tests from 2 test suites.
[----------] Global test environment set-up.
[----------] 6 tests from FindFileTest
[ RUN      ] FindFileTest.Empty
[       OK ] FindFileTest.Empty (0 ms)
[ RUN      ] FindFileTest.Single
[       OK ] FindFileTest.Single (0 ms)
[ RUN      ] FindFileTest.Multiple
[       OK ] FindFileTest.Multiple (0 ms)
[ RUN      ] FindFileTest.MultipleNullBoundaries
[       OK ] FindFileTest.MultipleNullBoundaries (0 ms)
[ RUN      ] FindFileTest.OverlapSequenceChecks
[       OK ] FindFileTest.OverlapSequenceChecks (0 ms)
[ RUN      ] FindFileTest.OverlappingFiles
[       OK ] FindFileTest.OverlappingFiles (0 ms)
[----------] 6 tests from FindFileTest (0 ms total)

[----------] 7 tests from AddBoundaryInputsTest
[ RUN      ] AddBoundaryInputsTest.TestEmptyFileSets
[       OK ] AddBoundaryInputsTest.TestEmptyFileSets (0 ms)
[ RUN      ] AddBoundaryInputsTest.TestEmptyLevelFiles
[       OK ] AddBoundaryInputsTest.TestEmptyLevelFiles (0 ms)
[ RUN      ] AddBoundaryInputsTest.TestEmptyCompactionFiles
[       OK ] AddBoundaryInputsTest.TestEmptyCompactionFiles (0 ms)
[ RUN      ] AddBoundaryInputsTest.TestNoBoundaryFiles
[       OK ] AddBoundaryInputsTest.TestNoBoundaryFiles (0 ms)
[ RUN      ] AddBoundaryInputsTest.TestOneBoundaryFiles
[       OK ] AddBoundaryInputsTest.TestOneBoundaryFiles (0 ms)
[ RUN      ] AddBoundaryInputsTest.TestTwoBoundaryFiles
[       OK ] AddBoundaryInputsTest.TestTwoBoundaryFiles (0 ms)
[ RUN      ] AddBoundaryInputsTest.TestDisjoinFilePointers
[       OK ] AddBoundaryInputsTest.TestDisjoinFilePointers (0 ms)
[----------] 7 tests from AddBoundaryInputsTest (0 ms total)

[----------] Global test environment tear-down
[==========] 13 tests from 2 test suites ran. (0 ms total)
[  PASSED  ] 13 tests.
<end of output>
Test time =   0.01 sec
----------------------------------------------------------
Test Passed.
"version_set_test" end time: Jan 22 11:53 CST
"version_set_test" time elapsed: 00:00:00
----------------------------------------------------------

20/31 Testing: write_batch_test
20/31 Test: write_batch_test
Command: "/Users/hcs/Documents/version-control/leveldb/build/write_batch_test"
Directory: /Users/hcs/Documents/version-control/leveldb/build
"write_batch_test" start time: Jan 22 11:53 CST
Output:
----------------------------------------------------------
[==========] Running 5 tests from 1 test suite.
[----------] Global test environment set-up.
[----------] 5 tests from WriteBatchTest
[ RUN      ] WriteBatchTest.Empty
[       OK ] WriteBatchTest.Empty (0 ms)
[ RUN      ] WriteBatchTest.Multiple
[       OK ] WriteBatchTest.Multiple (0 ms)
[ RUN      ] WriteBatchTest.Corruption
[       OK ] WriteBatchTest.Corruption (0 ms)
[ RUN      ] WriteBatchTest.Append
[       OK ] WriteBatchTest.Append (0 ms)
[ RUN      ] WriteBatchTest.ApproximateSize
[       OK ] WriteBatchTest.ApproximateSize (0 ms)
[----------] 5 tests from WriteBatchTest (0 ms total)

[----------] Global test environment tear-down
[==========] 5 tests from 1 test suite ran. (0 ms total)
[  PASSED  ] 5 tests.
[...]
case 3 of 16: num_entries = 1450
case 3 of 16: num_entries = 1650
case 3 of 16: num_entries = 1850
case 4 of 16: num_entries = 0
case 4 of 16: num_entries = 10
case 4 of 16: num_entries = 20
case 4 of 16: num_entries = 30
case 4 of 16: num_entries = 40
case 4 of 16: num_entries = 50
case 4 of 16: num_entries = 250
case 4 of 16: num_entries = 450
case 4 of 16: num_entries = 650
case 4 of 16: num_entries = 850
case 4 of 16: num_entries = 1050
case 4 of 16: num_entries = 1250
case 4 of 16: num_entries = 1450
case 4 of 16: num_entries = 1650
case 4 of 16: num_entries = 1850
case 5 of 16: num_entries = 0
case 5 of 16: num_entries = 10
case 5 of 16: num_entries = 20
case 5 of 16: num_entries = 30
case 5 of 16: num_entries = 40
case 5 of 16: num_entries = 50
case 5 of 16: num_entries = 250
case 5 of 16: num_entries = 450
case 5 of 16: num_entries = 650
case 5 of 16: num_entries = 850
case 5 of 16: num_entries = 1050
case 5 of 16: num_entries = 1250
case 5 of 16: num_entries = 1450
case 5 of 16: num_entries = 1650
case 5 of 16: num_entries = 1850
case 6 of 16: num_entries = 0
case 6 of 16: num_entries = 10
case 6 of 16: num_entries = 20
case 6 of 16: num_entries = 30
case 6 of 16: num_entries = 40
case 6 of 16: num_entries = 50
case 6 of 16: num_entries = 250
case 6 of 16: num_entries = 450
case 6 of 16: num_entries = 650
case 6 of 16: num_entries = 850
case 6 of 16: num_entries = 1050
case 6 of 16: num_entries = 1250
case 6 of 16: num_entries = 1450
case 6 of 16: num_entries = 1650
case 6 of 16: num_entries = 1850
case 7 of 16: num_entries = 0
case 7 of 16: num_entries = 10
case 7 of 16: num_entries = 20
case 7 of 16: num_entries = 30
case 7 of 16: num_entries = 40
case 7 of 16: num_entries = 50
case 7 of 16: num_entries = 250
case 7 of 16: num_entries = 450
case 7 of 16: num_entries = 650
case 7 of 16: num_entries = 850
case 7 of 16: num_entries = 1050
case 7 of 16: num_entries = 1250
case 7 of 16: num_entries = 1450
case 7 of 16: num_entries = 1650
case 7 of 16: num_entries = 1850
case 8 of 16: num_entries = 0
case 8 of 16: num_entries = 10
case 8 of 16: num_entries = 20
case 8 of 16: num_entries = 30
case 8 of 16: num_entries = 40
case 8 of 16: num_entries = 50
case 8 of 16: num_entries = 250
case 8 of 16: num_entries = 450
case 8 of 16: num_entries = 650
case 8 of 16: num_entries = 850
case 8 of 16: num_entries = 1050
case 8 of 16: num_entries = 1250
case 8 of 16: num_entries = 1450
case 8 of 16: num_entries = 1650
case 8 of 16: num_entries = 1850
case 9 of 16: num_entries = 0
case 9 of 16: num_entries = 10
case 9 of 16: num_entries = 20
case 9 of 16: num_entries = 30
case 9 of 16: num_entries = 40
case 9 of 16: num_entries = 50
case 9 of 16: num_entries = 250
case 9 of 16: num_entries = 450
case 9 of 16: num_entries = 650
case 9 of 16: num_entries = 850
case 9 of 16: num_entries = 1050
case 9 of 16: num_entries = 1250
case 9 of 16: num_entries = 1450
case 9 of 16: num_entries = 1650
case 9 of 16: num_entries = 1850
case 10 of 16: num_entries = 0
case 10 of 16: num_entries = 10
case 10 of 16: num_entries = 20
case 10 of 16: num_entries = 30
case 10 of 16: num_entries = 40
case 10 of 16: num_entries = 50
case 10 of 16: num_entries = 250
case 10 of 16: num_entries = 450
case 10 of 16: num_entries = 650
case 10 of 16: num_entries = 850
case 10 of 16: num_entries = 1050
case 10 of 16: num_entries = 1250
case 10 of 16: num_entries = 1450
case 10 of 16: num_entries = 1650
case 10 of 16: num_entries = 1850
case 11 of 16: num_entries = 0
case 11 of 16: num_entries = 10
case 11 of 16: num_entries = 20
case 11 of 16: num_entries = 30
case 11 of 16: num_entries = 40
case 11 of 16: num_entries = 50
case 11 of 16: num_entries = 250
case 11 of 16: num_entries = 450
case 11 of 16: num_entries = 650
case 11 of 16: num_entries = 850
case 11 of 16: num_entries = 1050
case 11 of 16: num_entries = 1250
case 11 of 16: num_entries = 1450
case 11 of 16: num_entries = 1650
case 11 of 16: num_entries = 1850
case 12 of 16: num_entries = 0
case 12 of 16: num_entries = 10
case 12 of 16: num_entries = 20
case 12 of 16: num_entries = 30
case 12 of 16: num_entries = 40
case 12 of 16: num_entries = 50
case 12 of 16: num_entries = 250
case 12 of 16: num_entries = 450
case 12 of 16: num_entries = 650
case 12 of 16: num_entries = 850
case 12 of 16: num_entries = 1050
case 12 of 16: num_entries = 1250
case 12 of 16: num_entries = 1450
case 12 of 16: num_entries = 1650
case 12 of 16: num_entries = 1850
case 13 of 16: num_entries = 0
case 13 of 16: num_entries = 10
case 13 of 16: num_entries = 20
case 13 of 16: num_entries = 30
case 13 of 16: num_entries = 40
case 13 of 16: num_entries = 50
case 13 of 16: num_entries = 250
case 13 of 16: num_entries = 450
case 13 of 16: num_entries = 650
case 13 of 16: num_entries = 850
case 13 of 16: num_entries = 1050
case 13 of 16: num_entries = 1250
case 13 of 16: num_entries = 1450
case 13 of 16: num_entries = 1650
case 13 of 16: num_entries = 1850
case 14 of 16: num_entries = 0
case 14 of 16: num_entries = 10
case 14 of 16: num_entries = 20
case 14 of 16: num_entries = 30
case 14 of 16: num_entries = 40
case 14 of 16: num_entries = 50
case 14 of 16: num_entries = 250
case 14 of 16: num_entries = 450
case 14 of 16: num_entries = 650
case 14 of 16: num_entries = 850
case 14 of 16: num_entries = 1050
case 14 of 16: num_entries = 1250
case 14 of 16: num_entries = 1450
case 14 of 16: num_entries = 1650
case 14 of 16: num_entries = 1850
case 15 of 16: num_entries = 0
case 15 of 16: num_entries = 10
case 15 of 16: num_entries = 20
case 15 of 16: num_entries = 30
case 15 of 16: num_entries = 40
case 15 of 16: num_entries = 50
case 15 of 16: num_entries = 250
case 15 of 16: num_entries = 450
case 15 of 16: num_entries = 650
case 15 of 16: num_entries = 850
case 15 of 16: num_entries = 1050
case 15 of 16: num_entries = 1250
case 15 of 16: num_entries = 1450
case 15 of 16: num_entries = 1650
case 15 of 16: num_entries = 1850
case 16 of 16: num_entries = 0
case 16 of 16: num_entries = 10
case 16 of 16: num_entries = 20
case 16 of 16: num_entries = 30
case 16 of 16: num_entries = 40
case 16 of 16: num_entries = 50
case 16 of 16: num_entries = 250
case 16 of 16: num_entries = 450
case 16 of 16: num_entries = 650
case 16 of 16: num_entries = 850
case 16 of 16: num_entries = 1050
case 16 of 16: num_entries = 1250
case 16 of 16: num_entries = 1450
case 16 of 16: num_entries = 1650
case 16 of 16: num_entries = 1850
[       OK ] Harness.Randomized (6238 ms)
[ RUN      ] Harness.RandomizedLongDB
[       OK ] Harness.RandomizedLongDB (792 ms)
[----------] 8 tests from Harness (8022 ms total)

[----------] 1 test from MemTableTest
[ RUN      ] MemTableTest.Simple
key: 'k1d' -> 'v1'
key: 'k2e' -> 'v2'
key: 'k3f' -> 'v3'
key: 'largekeyg' -> 'vlarge'
[       OK ] MemTableTest.Simple (0 ms)
[----------] 1 test from MemTableTest (0 ms total)

[----------] 2 tests from TableTest
[ RUN      ] TableTest.ApproximateOffsetOfPlain
[       OK ] TableTest.ApproximateOffsetOfPlain (1 ms)
[ RUN      ] TableTest.ApproximateOffsetOfCompressed
skipping compression tests
[       OK ] TableTest.ApproximateOffsetOfCompressed (0 ms)
[----------] 2 tests from TableTest (1 ms total)

[----------] Global test environment tear-down
[==========] 11 tests from 3 test suites ran. (8023 ms total)
[  PASSED  ] 11 tests.
<end of output>
Test time =   8.03 sec
----------------------------------------------------------
Test Passed.
"table_test" end time: Jan 22 11:53 CST
"table_test" time elapsed: 00:00:08
----------------------------------------------------------

24/31 Testing: arena_test
24/31 Test: arena_test
Command: "/Users/hcs/Documents/version-control/leveldb/build/arena_test"
Directory: /Users/hcs/Documents/version-control/leveldb/build
"arena_test" start time: Jan 22 11:53 CST
Output:
----------------------------------------------------------
[==========] Running 2 tests from 1 test suite.
[----------] Global test environment set-up.
[----------] 2 tests from ArenaTest
[ RUN      ] ArenaTest.Empty
[       OK ] ArenaTest.Empty (0 ms)
[ RUN      ] ArenaTest.Simple
[       OK ] ArenaTest.Simple (15 ms)
[----------] 2 tests from ArenaTest (15 ms total)

[----------] Global test environment tear-down
[==========] 2 tests from 1 test suite ran. (15 ms total)
[  PASSED  ] 2 tests.
<end of output>
Test time =   0.02 sec
----------------------------------------------------------
Test Passed.
"arena_test" end time: Jan 22 11:53 CST
"arena_test" time elapsed: 00:00:00
----------------------------------------------------------

25/31 Testing: bloom_test
25/31 Test: bloom_test
Command: "/Users/hcs/Documents/version-control/leveldb/build/bloom_test"
Directory: /Users/hcs/Documents/version-control/leveldb/build
"bloom_test" start time: Jan 22 11:53 CST
Output:
----------------------------------------------------------
[==========] Running 3 tests from 1 test suite.
[----------] Global test environment set-up.
[----------] 3 tests from BloomTest
[ RUN      ] BloomTest.EmptyFilter
[       OK ] BloomTest.EmptyFilter (0 ms)
[ RUN      ] BloomTest.Small
[       OK ] BloomTest.Small (0 ms)
[ RUN      ] BloomTest.VaryingLengths
False positives:  0.23% @ length =      1 ; bytes =      9
False positives:  0.44% @ length =      2 ; bytes =      9
False positives:  0.75% @ length =      3 ; bytes =      9
False positives:  1.08% @ length =      4 ; bytes =      9
False positives:  1.20% @ length =      5 ; bytes =      9
False positives:  1.59% @ length =      6 ; bytes =      9
False positives:  1.53% @ length =      7 ; bytes =     10
False positives:  1.81% @ length =      8 ; bytes =     11
False positives:  0.79% @ length =      9 ; bytes =     13
False positives:  1.63% @ length =     10 ; bytes =     14
False positives:  1.24% @ length =     20 ; bytes =     26
False positives:  0.84% @ length =     30 ; bytes =     39
False positives:  1.07% @ length =     40 ; bytes =     51
False positives:  1.09% @ length =     50 ; bytes =     64
False positives:  1.12% @ length =     60 ; bytes =     76
False positives:  0.93% @ length =     70 ; bytes =     89
False positives:  1.16% @ length =     80 ; bytes =    101
False positives:  1.07% @ length =     90 ; bytes =    114
False positives:  0.83% @ length =    100 ; bytes =    126
False positives:  0.96% @ length =    200 ; bytes =    251
False positives:  0.77% @ length =    300 ; bytes =    376
False positives:  0.81% @ length =    400 ; bytes =    501
False positives:  0.74% @ length =    500 ; bytes =    626
False positives:  0.78% @ length =    600 ; bytes =    751
False positives:  0.91% @ length =    700 ; bytes =    876
False positives:  0.88% @ length =    800 ; bytes =   1001
False positives:  0.97% @ length =    900 ; bytes =   1126
False positives:  0.90% @ length =   1000 ; bytes =   1251
False positives:  0.89% @ length =   2000 ; bytes =   2501
False positives:  0.95% @ length =   3000 ; bytes =   3751
False positives:  1.01% @ length =   4000 ; bytes =   5001
False positives:  0.89% @ length =   5000 ; bytes =   6251
False positives:  1.03% @ length =   6000 ; bytes =   7501
False positives:  0.78% @ length =   7000 ; bytes =   8751
False positives:  1.09% @ length =   8000 ; bytes =  10001
False positives:  1.09% @ length =   9000 ; bytes =  11251
False positives:  0.81% @ length =  10000 ; bytes =  12501
Filters: 33 good, 4 mediocre
[       OK ] BloomTest.VaryingLengths (22 ms)
[----------] 3 tests from BloomTest (22 ms total)

[----------] Global test environment tear-down
[==========] 3 tests from 1 test suite ran. (22 ms total)
[  PASSED  ] 3 tests.
<end of output>
Test time =   0.03 sec
----------------------------------------------------------
Test Passed.
"bloom_test" end time: Jan 22 11:53 CST
"bloom_test" time elapsed: 00:00:00
----------------------------------------------------------

26/31 Testing: cache_test
26/31 Test: cache_test
Command: "/Users/hcs/Documents/version-control/leveldb/build/cache_test"
Directory: /Users/hcs/Documents/version-control/leveldb/build
"cache_test" start time: Jan 22 11:53 CST
Output:
----------------------------------------------------------
[==========] Running 9 tests from 1 test suite.
[----------] Global test environment set-up.
[----------] 9 tests from CacheTest
[ RUN      ] CacheTest.HitAndMiss
[       OK ] CacheTest.HitAndMiss (0 ms)
[ RUN      ] CacheTest.Erase
[       OK ] CacheTest.Erase (0 ms)
[ RUN      ] CacheTest.EntriesArePinned
[       OK ] CacheTest.EntriesArePinned (0 ms)
[ RUN      ] CacheTest.EvictionPolicy
[       OK ] CacheTest.EvictionPolicy (0 ms)
[ RUN      ] CacheTest.UseExceedsCacheSize
[       OK ] CacheTest.UseExceedsCacheSize (1 ms)
[ RUN      ] CacheTest.HeavyEntries
[       OK ] CacheTest.HeavyEntries (0 ms)
[ RUN      ] CacheTest.NewId
[       OK ] CacheTest.NewId (0 ms)
[ RUN      ] CacheTest.Prune
[       OK ] CacheTest.Prune (0 ms)
[ RUN      ] CacheTest.ZeroSizeCache
[       OK ] CacheTest.ZeroSizeCache (0 ms)
[----------] 9 tests from CacheTest (1 ms total)

[----------] Global test environment tear-down
[==========] 9 tests from 1 test suite ran. (2 ms total)
[  PASSED  ] 9 tests.
<end of output>
Test time =   0.01 sec
----------------------------------------------------------
Test Passed.
"cache_test" end time: Jan 22 11:53 CST
"cache_test" time elapsed: 00:00:00
----------------------------------------------------------

27/31 Testing: coding_test
27/31 Test: coding_test
Command: "/Users/hcs/Documents/version-control/leveldb/build/coding_test"
Directory: /Users/hcs/Documents/version-control/leveldb/build
"coding_test" start time: Jan 22 11:53 CST
Output:
----------------------------------------------------------
[==========] Running 10 tests from 1 test suite.
[----------] Global test environment set-up.
[----------] 10 tests from Coding
[ RUN      ] Coding.Fixed32
[       OK ] Coding.Fixed32 (3 ms)
[ RUN      ] Coding.Fixed64
[       OK ] Coding.Fixed64 (0 ms)
[ RUN      ] Coding.EncodingOutput
[       OK ] Coding.EncodingOutput (0 ms)
[ RUN      ] Coding.Varint32
[       OK ] Coding.Varint32 (0 ms)
[ RUN      ] Coding.Varint64
[       OK ] Coding.Varint64 (0 ms)
[ RUN      ] Coding.Varint32Overflow
[       OK ] Coding.Varint32Overflow (0 ms)
[ RUN      ] Coding.Varint32Truncation
[       OK ] Coding.Varint32Truncation (0 ms)
[ RUN      ] Coding.Varint64Overflow
[       OK ] Coding.Varint64Overflow (0 ms)
[ RUN      ] Coding.Varint64Truncation
[       OK ] Coding.Varint64Truncation (0 ms)
[ RUN      ] Coding.Strings
[       OK ] Coding.Strings (0 ms)
[----------] 10 tests from Coding (3 ms total)

[----------] Global test environment tear-down
[==========] 10 tests from 1 test suite ran. (3 ms total)
[  PASSED  ] 10 tests.
<end of output>
Test time =   0.01 sec
----------------------------------------------------------
Test Passed.
"coding_test" end time: Jan 22 11:53 CST
"coding_test" time elapsed: 00:00:00
----------------------------------------------------------

28/31 Testing: crc32c_test
28/31 Test: crc32c_test
Command: "/Users/hcs/Documents/version-control/leveldb/build/crc32c_test"
Directory: /Users/hcs/Documents/version-control/leveldb/build
"crc32c_test" start time: Jan 22 11:53 CST
Output:
----------------------------------------------------------
[==========] Running 4 tests from 1 test suite.
[----------] Global test environment set-up.
[----------] 4 tests from CRC
[ RUN      ] CRC.StandardResults
[       OK ] CRC.StandardResults (0 ms)
[ RUN      ] CRC.Values
[       OK ] CRC.Values (0 ms)
[ RUN      ] CRC.Extend
[       OK ] CRC.Extend (0 ms)
[ RUN      ] CRC.Mask
[       OK ] CRC.Mask (0 ms)
[----------] 4 tests from CRC (0 ms total)

[----------] Global test environment tear-down
[==========] 4 tests from 1 test suite ran. (0 ms total)
[  PASSED  ] 4 tests.
<end of output>
Test time =   0.01 sec
----------------------------------------------------------
Test Passed.
"crc32c_test" end time: Jan 22 11:53 CST
"crc32c_test" time elapsed: 00:00:00
----------------------------------------------------------

29/31 Testing: hash_test
29/31 Test: hash_test
Command: "/Users/hcs/Documents/version-control/leveldb/build/hash_test"
Directory: /Users/hcs/Documents/version-control/leveldb/build
"hash_test" start time: Jan 22 11:53 CST
Output:
----------------------------------------------------------
[==========] Running 1 test from 1 test suite.
[----------] Global test environment set-up.
[----------] 1 test from HASH
[ RUN      ] HASH.SignedUnsignedIssue
[       OK ] HASH.SignedUnsignedIssue (0 ms)
[----------] 1 test from HASH (0 ms total)

[----------] Global test environment tear-down
[==========] 1 test from 1 test suite ran. (0 ms total)
[  PASSED  ] 1 test.
<end of output>
Test time =   0.01 sec
----------------------------------------------------------
Test Passed.
"hash_test" end time: Jan 22 11:53 CST
"hash_test" time elapsed: 00:00:00
----------------------------------------------------------

30/31 Testing: logging_test
30/31 Test: logging_test
Command: "/Users/hcs/Documents/version-control/leveldb/build/logging_test"
Directory: /Users/hcs/Documents/version-control/leveldb/build
"logging_test" start time: Jan 22 11:53 CST
Output:
----------------------------------------------------------
[==========] Running 5 tests from 1 test suite.
[----------] Global test environment set-up.
[----------] 5 tests from Logging
[ RUN      ] Logging.NumberToString
[       OK ] Logging.NumberToString (0 ms)
[ RUN      ] Logging.ConsumeDecimalNumberRoundtrip
[       OK ] Logging.ConsumeDecimalNumberRoundtrip (0 ms)
[ RUN      ] Logging.ConsumeDecimalNumberRoundtripWithPadding
[       OK ] Logging.ConsumeDecimalNumberRoundtripWithPadding (0 ms)
[ RUN      ] Logging.ConsumeDecimalNumberOverflow
[       OK ] Logging.ConsumeDecimalNumberOverflow (0 ms)
[ RUN      ] Logging.ConsumeDecimalNumberNoDigits
[       OK ] Logging.ConsumeDecimalNumberNoDigits (0 ms)
[----------] 5 tests from Logging (0 ms total)

[----------] Global test environment tear-down
[==========] 5 tests from 1 test suite ran. (0 ms total)
[  PASSED  ] 5 tests.
<end of output>
Test time =   0.01 sec
----------------------------------------------------------
Test Passed.
"logging_test" end time: Jan 22 11:53 CST
"logging_test" time elapsed: 00:00:00
----------------------------------------------------------

31/31 Testing: env_posix_test
31/31 Test: env_posix_test
Command: "/Users/hcs/Documents/version-control/leveldb/build/env_posix_test"
Directory: /Users/hcs/Documents/version-control/leveldb/build
"env_posix_test" start time: Jan 22 11:53 CST
Output:
----------------------------------------------------------
[==========] Running 7 tests from 1 test suite.
[----------] Global test environment set-up.
[----------] 7 tests from EnvPosixTest
[ RUN      ] EnvPosixTest.TestOpenOnRead
[       OK ] EnvPosixTest.TestOpenOnRead (1 ms)
[ RUN      ] EnvPosixTest.TestCloseOnExecSequentialFile
[       OK ] EnvPosixTest.TestCloseOnExecSequentialFile (5 ms)
[ RUN      ] EnvPosixTest.TestCloseOnExecRandomAccessFile
[       OK ] EnvPosixTest.TestCloseOnExecRandomAccessFile (3 ms)
[ RUN      ] EnvPosixTest.TestCloseOnExecWritableFile
[       OK ] EnvPosixTest.TestCloseOnExecWritableFile (5 ms)
[ RUN      ] EnvPosixTest.TestCloseOnExecAppendableFile
[       OK ] EnvPosixTest.TestCloseOnExecAppendableFile (5 ms)
[ RUN      ] EnvPosixTest.TestCloseOnExecLockFile
[       OK ] EnvPosixTest.TestCloseOnExecLockFile (4 ms)
[ RUN      ] EnvPosixTest.TestCloseOnExecLogger
[       OK ] EnvPosixTest.TestCloseOnExecLogger (3 ms)
[----------] 7 tests from EnvPosixTest (26 ms total)

[----------] Global test environment tear-down
[==========] 7 tests from 1 test suite ran. (26 ms total)
[  PASSED  ] 7 tests.
<end of output>
Test time =   0.04 sec
----------------------------------------------------------
Test Passed.
"env_posix_test" end time: Jan 22 11:53 CST
"env_posix_test" time elapsed: 00:00:00
----------------------------------------------------------

End testing: Jan 22 11:53 CST
